mode: set
github.com/linuxdeepin/lastore-daemon/src/internal/ratelimit/ratelimit.go:63.55,64.21 1 1
github.com/linuxdeepin/lastore-daemon/src/internal/ratelimit/ratelimit.go:64.21,66.3 1 1
github.com/linuxdeepin/lastore-daemon/src/internal/ratelimit/ratelimit.go:67.2,68.68 2 1
github.com/linuxdeepin/lastore-daemon/src/internal/ratelimit/ratelimit.go:68.68,70.3 1 1
github.com/linuxdeepin/lastore-daemon/src/internal/ratelimit/ratelimit.go:71.2,71.21 1 1
github.com/linuxdeepin/lastore-daemon/src/internal/ratelimit/ratelimit.go:72.23,73.46 1 1
github.com/linuxdeepin/lastore-daemon/src/internal/ratelimit/ratelimit.go:74.26,75.85 1 1
github.com/linuxdeepin/lastore-daemon/src/internal/ratelimit/ratelimit.go:77.2,77.14 1 1
github.com/linuxdeepin/lastore-daemon/src/internal/ratelimit/ratelimit.go:95.79,99.98 1 0
github.com/linuxdeepin/lastore-daemon/src/internal/ratelimit/ratelimit.go:99.98,101.3 1 0
github.com/linuxdeepin/lastore-daemon/src/internal/ratelimit/ratelimit.go:102.2,102.94 1 0
github.com/linuxdeepin/lastore-daemon/src/internal/ratelimit/ratelimit.go:102.94,104.3 1 0
github.com/linuxdeepin/lastore-daemon/src/internal/ratelimit/ratelimit.go:105.2,105.94 1 0
github.com/linuxdeepin/lastore-daemon/src/internal/ratelimit/ratelimit.go:105.94,107.3 1 0
github.com/linuxdeepin/lastore-daemon/src/internal/ratelimit/ratelimit.go:108.2,108.92 1 0
github.com/linuxdeepin/lastore-daemon/src/internal/ratelimit/ratelimit.go:108.92,110.3 1 0
github.com/linuxdeepin/lastore-daemon/src/internal/ratelimit/ratelimit.go:111.2,111.92 1 0
github.com/linuxdeepin/lastore-daemon/src/internal/ratelimit/ratelimit.go:111.92,113.3 1 0
github.com/linuxdeepin/lastore-daemon/src/internal/ratelimit/ratelimit.go:115.2,115.102 1 0
github.com/linuxdeepin/lastore-daemon/src/internal/ratelimit/ratelimit.go:115.102,117.3 1 0
github.com/linuxdeepin/lastore-daemon/src/internal/ratelimit/ratelimit.go:118.2,118.98 1 0
github.com/linuxdeepin/lastore-daemon/src/internal/ratelimit/ratelimit.go:118.98,120.3 1 0
github.com/linuxdeepin/lastore-daemon/src/internal/ratelimit/ratelimit.go:121.2,121.98 1 0
github.com/linuxdeepin/lastore-daemon/src/internal/ratelimit/ratelimit.go:121.98,123.3 1 0
github.com/linuxdeepin/lastore-daemon/src/internal/ratelimit/ratelimit.go:124.2,124.96 1 0
github.com/linuxdeepin/lastore-daemon/src/internal/ratelimit/ratelimit.go:124.96,126.3 1 0
github.com/linuxdeepin/lastore-daemon/src/internal/ratelimit/ratelimit.go:127.2,127.96 1 0
github.com/linuxdeepin/lastore-daemon/src/internal/ratelimit/ratelimit.go:127.96,129.3 1 0
github.com/linuxdeepin/lastore-daemon/src/internal/ratelimit/ratelimit.go:131.2,132.16 2 0
github.com/linuxdeepin/lastore-daemon/src/internal/ratelimit/ratelimit.go:132.16,134.3 1 0
github.com/linuxdeepin/lastore-daemon/src/internal/ratelimit/ratelimit.go:135.2,136.16 2 0
github.com/linuxdeepin/lastore-daemon/src/internal/ratelimit/ratelimit.go:136.16,138.3 1 0
github.com/linuxdeepin/lastore-daemon/src/internal/ratelimit/ratelimit.go:139.2,142.16 4 0
github.com/linuxdeepin/lastore-daemon/src/internal/ratelimit/ratelimit.go:142.16,144.3 1 0
github.com/linuxdeepin/lastore-daemon/src/internal/ratelimit/ratelimit.go:145.2,146.153 2 0
github.com/linuxdeepin/lastore-daemon/src/internal/ratelimit/ratelimit.go:146.153,148.3 1 0
github.com/linuxdeepin/lastore-daemon/src/internal/ratelimit/ratelimit.go:149.2,149.12 1 0
github.com/linuxdeepin/lastore-daemon/src/internal/ratelimit/ratelimit.go:154.47,156.16 2 0
github.com/linuxdeepin/lastore-daemon/src/internal/ratelimit/ratelimit.go:156.16,158.3 1 0
github.com/linuxdeepin/lastore-daemon/src/internal/ratelimit/ratelimit.go:159.2,160.105 2 0
github.com/linuxdeepin/lastore-daemon/src/internal/ratelimit/ratelimit.go:160.105,162.3 1 0
github.com/linuxdeepin/lastore-daemon/src/internal/ratelimit/ratelimit.go:163.2,163.12 1 0
github.com/linuxdeepin/lastore-daemon/src/internal/ratelimit/ratelimit.go:168.45,170.16 2 0
github.com/linuxdeepin/lastore-daemon/src/internal/ratelimit/ratelimit.go:170.16,172.3 1 0
github.com/linuxdeepin/lastore-daemon/src/internal/ratelimit/ratelimit.go:173.2,174.103 2 0
github.com/linuxdeepin/lastore-daemon/src/internal/ratelimit/ratelimit.go:174.103,176.3 1 0
github.com/linuxdeepin/lastore-daemon/src/internal/ratelimit/ratelimit.go:177.2,177.12 1 0
github.com/linuxdeepin/lastore-daemon/src/internal/ratelimit/ratelimit.go:180.58,182.2 1 0
github.com/linuxdeepin/lastore-daemon/src/internal/ratelimit/ratelimit.go:184.60,186.2 1 0
github.com/linuxdeepin/lastore-daemon/src/internal/ratelimit/ratelimit.go:188.65,190.16 2 0
github.com/linuxdeepin/lastore-daemon/src/internal/ratelimit/ratelimit.go:190.16,192.3 1 0
github.com/linuxdeepin/lastore-daemon/src/internal/ratelimit/ratelimit.go:193.2,195.16 3 0
github.com/linuxdeepin/lastore-daemon/src/internal/ratelimit/ratelimit.go:195.16,197.3 1 0
github.com/linuxdeepin/lastore-daemon/src/internal/ratelimit/ratelimit.go:199.2,201.22 3 0
github.com/linuxdeepin/lastore-daemon/src/internal/ratelimit/ratelimit.go:201.22,203.3 1 0
github.com/linuxdeepin/lastore-daemon/src/internal/ratelimit/ratelimit.go:204.2,204.70 1 0
github.com/linuxdeepin/lastore-daemon/src/internal/ratelimit/ratelimit.go:204.70,206.3 1 0
github.com/linuxdeepin/lastore-daemon/src/internal/ratelimit/ratelimit.go:207.2,207.22 1 0
github.com/linuxdeepin/lastore-daemon/src/internal/ratelimit/ratelimit.go:210.78,212.38 2 1
github.com/linuxdeepin/lastore-daemon/src/internal/ratelimit/ratelimit.go:212.38,214.22 2 1
github.com/linuxdeepin/lastore-daemon/src/internal/ratelimit/ratelimit.go:214.22,216.4 1 1
github.com/linuxdeepin/lastore-daemon/src/internal/ratelimit/ratelimit.go:218.2,218.81 1 1
github.com/linuxdeepin/lastore-daemon/src/internal/ratelimit/ratelimit.go:218.81,220.22 2 1
github.com/linuxdeepin/lastore-daemon/src/internal/ratelimit/ratelimit.go:220.22,222.4 1 1
github.com/linuxdeepin/lastore-daemon/src/internal/ratelimit/ratelimit.go:224.2,224.81 1 1
github.com/linuxdeepin/lastore-daemon/src/internal/ratelimit/ratelimit.go:224.81,226.22 2 1
github.com/linuxdeepin/lastore-daemon/src/internal/ratelimit/ratelimit.go:226.22,228.4 1 1
github.com/linuxdeepin/lastore-daemon/src/internal/ratelimit/ratelimit.go:230.2,230.23 1 1
github.com/linuxdeepin/lastore-daemon/src/internal/ratelimit/ratelimit.go:233.76,234.17 1 1
github.com/linuxdeepin/lastore-daemon/src/internal/ratelimit/ratelimit.go:234.17,236.3 1 1
github.com/linuxdeepin/lastore-daemon/src/internal/ratelimit/ratelimit.go:237.2,238.20 2 1
github.com/linuxdeepin/lastore-daemon/src/internal/ratelimit/ratelimit.go:238.20,242.3 3 1
github.com/linuxdeepin/lastore-daemon/src/internal/ratelimit/ratelimit.go:242.8,246.3 3 1
github.com/linuxdeepin/lastore-daemon/src/internal/ratelimit/ratelimit.go:248.2,248.26 1 1
github.com/linuxdeepin/lastore-daemon/src/internal/ratelimit/ratelimit.go:248.26,250.17 2 1
github.com/linuxdeepin/lastore-daemon/src/internal/ratelimit/ratelimit.go:250.17,252.4 1 1
github.com/linuxdeepin/lastore-daemon/src/internal/ratelimit/ratelimit.go:254.2,254.24 1 1
github.com/linuxdeepin/lastore-daemon/src/internal/ratelimit/ratelimit.go:254.24,256.17 2 1
github.com/linuxdeepin/lastore-daemon/src/internal/ratelimit/ratelimit.go:256.17,258.4 1 1
github.com/linuxdeepin/lastore-daemon/src/internal/ratelimit/ratelimit.go:260.2,260.18 1 1
github.com/linuxdeepin/lastore-daemon/src/internal/ratelimit/ratelimit.go:269.39,270.17 1 1
github.com/linuxdeepin/lastore-daemon/src/internal/ratelimit/ratelimit.go:270.17,272.3 1 1
github.com/linuxdeepin/lastore-daemon/src/internal/ratelimit/ratelimit.go:273.2,273.68 1 1
github.com/linuxdeepin/lastore-daemon/src/internal/ratelimit/ratelimit.go:273.68,275.3 1 1
github.com/linuxdeepin/lastore-daemon/src/internal/ratelimit/ratelimit.go:276.2,276.72 1 1
github.com/linuxdeepin/lastore-daemon/src/internal/ratelimit/ratelimit.go:276.72,278.3 1 1
github.com/linuxdeepin/lastore-daemon/src/internal/ratelimit/ratelimit.go:281.43,285.2 3 1
github.com/linuxdeepin/lastore-daemon/src/internal/ratelimit/ratelimit.go:287.101,290.23 2 1
github.com/linuxdeepin/lastore-daemon/src/internal/ratelimit/ratelimit.go:290.23,292.72 2 1
github.com/linuxdeepin/lastore-daemon/src/internal/ratelimit/ratelimit.go:292.72,294.4 1 1
github.com/linuxdeepin/lastore-daemon/src/internal/ratelimit/ratelimit.go:296.2,296.21 1 1
github.com/linuxdeepin/lastore-daemon/src/internal/ratelimit/ratelimit.go:296.21,298.70 2 1
github.com/linuxdeepin/lastore-daemon/src/internal/ratelimit/ratelimit.go:298.70,300.4 1 1
github.com/linuxdeepin/lastore-daemon/src/internal/ratelimit/ratelimit.go:302.2,302.24 1 1
github.com/linuxdeepin/lastore-daemon/src/internal/ratelimit/ratelimit.go:302.24,304.73 2 1
github.com/linuxdeepin/lastore-daemon/src/internal/ratelimit/ratelimit.go:304.73,306.4 1 1
github.com/linuxdeepin/lastore-daemon/src/internal/ratelimit/ratelimit.go:309.2,309.16 1 1
github.com/linuxdeepin/lastore-daemon/src/internal/system/apt/apt.go:22.49,23.38 1 1
github.com/linuxdeepin/lastore-daemon/src/internal/system/apt/apt.go:23.38,26.3 2 1
github.com/linuxdeepin/lastore-daemon/src/internal/system/apt/apt.go:27.2,28.27 2 1
github.com/linuxdeepin/lastore-daemon/src/internal/system/apt/apt.go:30.42,32.9 2 1
github.com/linuxdeepin/lastore-daemon/src/internal/system/apt/apt.go:32.9,35.3 2 1
github.com/linuxdeepin/lastore-daemon/src/internal/system/apt/apt.go:36.2,37.22 2 1
github.com/linuxdeepin/lastore-daemon/src/internal/system/apt/apt.go:39.56,41.2 1 1
github.com/linuxdeepin/lastore-daemon/src/internal/system/apt/apt.go:43.68,50.86 3 1
github.com/linuxdeepin/lastore-daemon/src/internal/system/apt/apt.go:50.86,53.3 2 1
github.com/linuxdeepin/lastore-daemon/src/internal/system/apt/apt.go:55.2,55.28 1 1
github.com/linuxdeepin/lastore-daemon/src/internal/system/apt/apt.go:55.28,57.3 1 1
github.com/linuxdeepin/lastore-daemon/src/internal/system/apt/apt.go:58.2,58.17 1 1
github.com/linuxdeepin/lastore-daemon/src/internal/system/apt/apt.go:59.29,62.34 3 1
github.com/linuxdeepin/lastore-daemon/src/internal/system/apt/apt.go:63.40,66.34 3 1
github.com/linuxdeepin/lastore-daemon/src/internal/system/apt/apt.go:67.33,71.34 4 1
github.com/linuxdeepin/lastore-daemon/src/internal/system/apt/apt.go:72.28,75.34 3 1
github.com/linuxdeepin/lastore-daemon/src/internal/system/apt/apt.go:76.30,79.34 3 1
github.com/linuxdeepin/lastore-daemon/src/internal/system/apt/apt.go:80.34,83.51 3 1
github.com/linuxdeepin/lastore-daemon/src/internal/system/apt/apt.go:84.27,85.52 1 1
github.com/linuxdeepin/lastore-daemon/src/internal/system/apt/apt.go:86.28,87.96 1 1
github.com/linuxdeepin/lastore-daemon/src/internal/system/apt/apt.go:88.41,91.62 3 1
github.com/linuxdeepin/lastore-daemon/src/internal/system/apt/apt.go:92.39,95.62 3 1
github.com/linuxdeepin/lastore-daemon/src/internal/system/apt/apt.go:96.30,98.24 2 1
github.com/linuxdeepin/lastore-daemon/src/internal/system/apt/apt.go:98.24,100.4 1 1
github.com/linuxdeepin/lastore-daemon/src/internal/system/apt/apt.go:102.3,104.23 3 1
github.com/linuxdeepin/lastore-daemon/src/internal/system/apt/apt.go:104.23,107.4 2 0
github.com/linuxdeepin/lastore-daemon/src/internal/system/apt/apt.go:108.3,108.18 1 1
github.com/linuxdeepin/lastore-daemon/src/internal/system/apt/apt.go:109.36,110.124 1 1
github.com/linuxdeepin/lastore-daemon/src/internal/system/apt/apt.go:111.39,114.37 3 1
github.com/linuxdeepin/lastore-daemon/src/internal/system/apt/apt.go:115.11,116.42 1 1
github.com/linuxdeepin/lastore-daemon/src/internal/system/apt/apt.go:120.2,120.41 1 1
github.com/linuxdeepin/lastore-daemon/src/internal/system/apt/apt.go:123.168,143.2 6 0
github.com/linuxdeepin/lastore-daemon/src/internal/system/apt/apt.go:145.73,146.9 1 1
github.com/linuxdeepin/lastore-daemon/src/internal/system/apt/apt.go:147.54,148.76 1 1
github.com/linuxdeepin/lastore-daemon/src/internal/system/apt/apt.go:148.76,153.4 1 1
github.com/linuxdeepin/lastore-daemon/src/internal/system/apt/apt.go:154.3,154.61 1 1
github.com/linuxdeepin/lastore-daemon/src/internal/system/apt/apt.go:154.61,159.4 1 1
github.com/linuxdeepin/lastore-daemon/src/internal/system/apt/apt.go:160.3,163.4 1 1
github.com/linuxdeepin/lastore-daemon/src/internal/system/apt/apt.go:167.80,170.16 3 1
github.com/linuxdeepin/lastore-daemon/src/internal/system/apt/apt.go:170.16,172.4 1 1
github.com/linuxdeepin/lastore-daemon/src/internal/system/apt/apt.go:172.9,174.4 1 0
github.com/linuxdeepin/lastore-daemon/src/internal/system/apt/apt.go:176.3,179.4 1 1
github.com/linuxdeepin/lastore-daemon/src/internal/system/apt/apt.go:181.63,185.4 1 1
github.com/linuxdeepin/lastore-daemon/src/internal/system/apt/apt.go:188.37,193.16 3 1
github.com/linuxdeepin/lastore-daemon/src/internal/system/apt/apt.go:193.16,195.4 1 0
github.com/linuxdeepin/lastore-daemon/src/internal/system/apt/apt.go:195.9,197.4 1 1
github.com/linuxdeepin/lastore-daemon/src/internal/system/apt/apt.go:198.3,201.4 1 1
github.com/linuxdeepin/lastore-daemon/src/internal/system/apt/apt.go:203.68,207.4 1 1
github.com/linuxdeepin/lastore-daemon/src/internal/system/apt/apt.go:209.129,213.4 1 1
github.com/linuxdeepin/lastore-daemon/src/internal/system/apt/apt.go:215.74,219.4 1 1
github.com/linuxdeepin/lastore-daemon/src/internal/system/apt/apt.go:221.48,225.4 1 1
github.com/linuxdeepin/lastore-daemon/src/internal/system/apt/apt.go:227.70,231.4 1 1
github.com/linuxdeepin/lastore-daemon/src/internal/system/apt/apt.go:233.104,237.4 1 1
github.com/linuxdeepin/lastore-daemon/src/internal/system/apt/apt.go:239.56,243.4 1 1
github.com/linuxdeepin/lastore-daemon/src/internal/system/apt/apt.go:245.53,249.4 1 1
github.com/linuxdeepin/lastore-daemon/src/internal/system/apt/apt.go:251.76,256.4 2 1
github.com/linuxdeepin/lastore-daemon/src/internal/system/apt/apt.go:258.10,262.4 1 1
github.com/linuxdeepin/lastore-daemon/src/internal/system/apt/apt.go:266.112,268.28 2 0
github.com/linuxdeepin/lastore-daemon/src/internal/system/apt/apt.go:268.28,270.3 1 0
github.com/linuxdeepin/lastore-daemon/src/internal/system/apt/apt.go:272.2,278.16 7 0
github.com/linuxdeepin/lastore-daemon/src/internal/system/apt/apt.go:278.16,280.3 1 0
github.com/linuxdeepin/lastore-daemon/src/internal/system/apt/apt.go:281.2,287.16 7 0
github.com/linuxdeepin/lastore-daemon/src/internal/system/apt/apt.go:287.16,289.3 1 0
github.com/linuxdeepin/lastore-daemon/src/internal/system/apt/apt.go:290.2,290.21 1 0
github.com/linuxdeepin/lastore-daemon/src/internal/system/apt/apt.go:294.56,296.22 2 0
github.com/linuxdeepin/lastore-daemon/src/internal/system/apt/apt.go:296.22,298.3 1 0
github.com/linuxdeepin/lastore-daemon/src/internal/system/apt/apt.go:300.2,301.16 2 0
github.com/linuxdeepin/lastore-daemon/src/internal/system/apt/apt.go:301.16,304.30 3 0
github.com/linuxdeepin/lastore-daemon/src/internal/system/apt/apt.go:304.30,307.18 3 0
github.com/linuxdeepin/lastore-daemon/src/internal/system/apt/apt.go:307.18,309.19 2 0
github.com/linuxdeepin/lastore-daemon/src/internal/system/apt/apt.go:309.19,310.20 1 0
github.com/linuxdeepin/lastore-daemon/src/internal/system/apt/apt.go:310.20,312.7 1 0
github.com/linuxdeepin/lastore-daemon/src/internal/system/apt/apt.go:317.2,317.14 1 0
github.com/linuxdeepin/lastore-daemon/src/internal/system/apt/proxy.go:35.99,39.2 3 0
github.com/linuxdeepin/lastore-daemon/src/internal/system/apt/proxy.go:41.89,50.2 3 0
github.com/linuxdeepin/lastore-daemon/src/internal/system/apt/proxy.go:52.52,54.16 2 1
github.com/linuxdeepin/lastore-daemon/src/internal/system/apt/proxy.go:54.16,56.3 1 1
github.com/linuxdeepin/lastore-daemon/src/internal/system/apt/proxy.go:57.2,57.22 1 1
github.com/linuxdeepin/lastore-daemon/src/internal/system/apt/proxy.go:60.89,61.42 1 1
github.com/linuxdeepin/lastore-daemon/src/internal/system/apt/proxy.go:61.42,71.24 10 1
github.com/linuxdeepin/lastore-daemon/src/internal/system/apt/proxy.go:71.24,73.4 1 1
github.com/linuxdeepin/lastore-daemon/src/internal/system/apt/proxy.go:74.3,74.30 1 1
github.com/linuxdeepin/lastore-daemon/src/internal/system/apt/proxy.go:74.30,76.20 2 1
github.com/linuxdeepin/lastore-daemon/src/internal/system/apt/proxy.go:76.20,77.13 1 0
github.com/linuxdeepin/lastore-daemon/src/internal/system/apt/proxy.go:79.4,82.61 3 1
github.com/linuxdeepin/lastore-daemon/src/internal/system/apt/proxy.go:82.61,83.13 1 1
github.com/linuxdeepin/lastore-daemon/src/internal/system/apt/proxy.go:84.10,84.32 1 1
github.com/linuxdeepin/lastore-daemon/src/internal/system/apt/proxy.go:84.32,86.19 2 1
github.com/linuxdeepin/lastore-daemon/src/internal/system/apt/proxy.go:86.19,89.6 2 1
github.com/linuxdeepin/lastore-daemon/src/internal/system/apt/proxy.go:90.10,90.29 1 1
github.com/linuxdeepin/lastore-daemon/src/internal/system/apt/proxy.go:90.29,92.5 1 1
github.com/linuxdeepin/lastore-daemon/src/internal/system/apt/proxy.go:92.10,92.29 1 1
github.com/linuxdeepin/lastore-daemon/src/internal/system/apt/proxy.go:92.29,94.5 1 1
github.com/linuxdeepin/lastore-daemon/src/internal/system/apt/proxy.go:97.3,99.16 3 1
github.com/linuxdeepin/lastore-daemon/src/internal/system/apt/proxy.go:99.16,101.4 1 1
github.com/linuxdeepin/lastore-daemon/src/internal/system/apt/proxy.go:101.9,103.4 1 1
github.com/linuxdeepin/lastore-daemon/src/internal/system/apt/proxy.go:104.3,104.38 1 1
github.com/linuxdeepin/lastore-daemon/src/internal/system/apt/proxy.go:106.2,106.55 1 1
github.com/linuxdeepin/lastore-daemon/src/internal/system/apt/proxy.go:109.73,111.18 2 1
github.com/linuxdeepin/lastore-daemon/src/internal/system/apt/proxy.go:111.18,113.3 1 1
github.com/linuxdeepin/lastore-daemon/src/internal/system/apt/proxy.go:115.2,116.16 2 1
github.com/linuxdeepin/lastore-daemon/src/internal/system/apt/proxy.go:116.16,118.3 1 0
github.com/linuxdeepin/lastore-daemon/src/internal/system/apt/proxy.go:119.2,126.18 5 1
github.com/linuxdeepin/lastore-daemon/src/internal/system/apt/proxy.go:127.15,128.32 1 1
github.com/linuxdeepin/lastore-daemon/src/internal/system/apt/proxy.go:129.18,131.32 2 1
github.com/linuxdeepin/lastore-daemon/src/internal/system/apt/proxy.go:132.18,135.21 3 1
github.com/linuxdeepin/lastore-daemon/src/internal/system/apt/proxy.go:136.17,138.38 2 1
github.com/linuxdeepin/lastore-daemon/src/internal/system/apt/proxy.go:138.38,140.4 1 1
github.com/linuxdeepin/lastore-daemon/src/internal/system/apt/proxy.go:142.10,145.43 1 1
github.com/linuxdeepin/lastore-daemon/src/internal/system/apt/proxy.go:149.2,155.8 1 1
github.com/linuxdeepin/lastore-daemon/src/internal/system/apt/proxy.go:158.57,160.2 1 0
github.com/linuxdeepin/lastore-daemon/src/internal/system/apt/proxy.go:162.73,164.2 1 0
github.com/linuxdeepin/lastore-daemon/src/internal/system/apt/proxy.go:166.28,167.6 1 0
github.com/linuxdeepin/lastore-daemon/src/internal/system/apt/proxy.go:167.6,169.11 2 0
github.com/linuxdeepin/lastore-daemon/src/internal/system/apt/proxy.go:169.11,173.12 3 0
github.com/linuxdeepin/lastore-daemon/src/internal/system/apt/proxy.go:176.3,177.11 2 0
github.com/linuxdeepin/lastore-daemon/src/internal/system/apt/proxy.go:177.11,181.12 3 0
github.com/linuxdeepin/lastore-daemon/src/internal/system/apt/proxy.go:184.3,184.9 1 0
github.com/linuxdeepin/lastore-daemon/src/internal/system/apt/proxy.go:189.49,191.2 1 1
github.com/linuxdeepin/lastore-daemon/src/internal/system/apt/proxy.go:193.49,194.19 1 1
github.com/linuxdeepin/lastore-daemon/src/internal/system/apt/proxy.go:194.19,196.3 1 1
github.com/linuxdeepin/lastore-daemon/src/internal/system/apt/proxy.go:197.2,197.9 1 1
github.com/linuxdeepin/lastore-daemon/src/internal/system/apt/proxy.go:198.59,202.4 1 1
github.com/linuxdeepin/lastore-daemon/src/internal/system/apt/proxy.go:204.106,208.16 3 1
github.com/linuxdeepin/lastore-daemon/src/internal/system/apt/proxy.go:208.16,211.4 1 1
github.com/linuxdeepin/lastore-daemon/src/internal/system/apt/proxy.go:211.9,213.4 1 1
github.com/linuxdeepin/lastore-daemon/src/internal/system/apt/proxy.go:215.3,218.4 1 1
github.com/linuxdeepin/lastore-daemon/src/internal/system/apt/proxy.go:220.76,225.4 2 1
github.com/linuxdeepin/lastore-daemon/src/internal/system/apt/proxy.go:227.10,232.4 2 1
github.com/linuxdeepin/lastore-daemon/src/internal/system/apt/proxy.go:236.71,238.11 2 0
github.com/linuxdeepin/lastore-daemon/src/internal/system/apt/proxy.go:238.11,241.3 1 0
github.com/linuxdeepin/lastore-daemon/src/internal/system/apt/proxy.go:243.2,244.10 2 0
github.com/linuxdeepin/lastore-daemon/src/internal/system/apt/proxy.go:244.10,247.3 1 0
github.com/linuxdeepin/lastore-daemon/src/internal/system/apt/proxy.go:248.2,252.15 5 0
github.com/linuxdeepin/lastore-daemon/src/internal/system/apt/proxy.go:252.15,257.3 1 0
github.com/linuxdeepin/lastore-daemon/src/internal/system/apt/proxy.go:259.2,264.16 3 0
github.com/linuxdeepin/lastore-daemon/src/internal/system/apt/proxy.go:264.16,266.3 1 0
github.com/linuxdeepin/lastore-daemon/src/internal/system/apt/proxy.go:267.2,267.88 1 0
github.com/linuxdeepin/lastore-daemon/src/internal/system/apt/proxy.go:267.88,268.53 1 0
github.com/linuxdeepin/lastore-daemon/src/internal/system/apt/proxy.go:268.53,273.4 1 0
github.com/linuxdeepin/lastore-daemon/src/internal/system/apt/proxy.go:273.9,278.4 1 0
github.com/linuxdeepin/lastore-daemon/src/internal/system/apt/proxy.go:279.3,279.19 1 0
github.com/linuxdeepin/lastore-daemon/src/internal/system/apt/proxy.go:282.2,290.15 3 0
github.com/linuxdeepin/lastore-daemon/src/internal/system/apt/proxy.go:293.41,306.16 9 0
github.com/linuxdeepin/lastore-daemon/src/internal/system/apt/proxy.go:306.16,308.3 1 0
github.com/linuxdeepin/lastore-daemon/src/internal/system/apt/proxy.go:309.2,309.12 1 0
github.com/linuxdeepin/lastore-daemon/src/internal/system/apt/proxy.go:309.12,311.17 2 0
github.com/linuxdeepin/lastore-daemon/src/internal/system/apt/proxy.go:311.17,315.4 3 0
github.com/linuxdeepin/lastore-daemon/src/internal/system/apt/proxy.go:319.3,319.86 1 0
github.com/linuxdeepin/lastore-daemon/src/internal/system/apt/proxy.go:319.86,322.4 2 0
github.com/linuxdeepin/lastore-daemon/src/internal/system/apt/proxy.go:325.3,326.17 2 0
github.com/linuxdeepin/lastore-daemon/src/internal/system/apt/proxy.go:326.17,329.4 1 0
github.com/linuxdeepin/lastore-daemon/src/internal/system/apt/proxy.go:331.2,331.12 1 0
github.com/linuxdeepin/lastore-daemon/src/internal/system/apt/proxy.go:353.52,354.31 1 1
github.com/linuxdeepin/lastore-daemon/src/internal/system/apt/proxy.go:354.31,355.38 1 1
github.com/linuxdeepin/lastore-daemon/src/internal/system/apt/proxy.go:355.38,357.4 1 1
github.com/linuxdeepin/lastore-daemon/src/internal/system/apt/proxy.go:359.2,359.12 1 1
github.com/linuxdeepin/lastore-daemon/src/internal/system/apt/proxy.go:362.55,364.34 2 1
github.com/linuxdeepin/lastore-daemon/src/internal/system/apt/proxy.go:364.34,367.3 2 1
github.com/linuxdeepin/lastore-daemon/src/internal/system/apt/proxy.go:368.2,368.13 1 1
github.com/linuxdeepin/lastore-daemon/src/internal/system/apt/proxy.go:371.128,372.55 1 0
github.com/linuxdeepin/lastore-daemon/src/internal/system/apt/proxy.go:372.55,374.3 1 0
github.com/linuxdeepin/lastore-daemon/src/internal/system/apt/proxy.go:375.2,376.16 2 0
github.com/linuxdeepin/lastore-daemon/src/internal/system/apt/proxy.go:376.16,378.3 1 0
github.com/linuxdeepin/lastore-daemon/src/internal/system/apt/proxy.go:379.2,381.18 3 0
github.com/linuxdeepin/lastore-daemon/src/internal/system/apt/proxy.go:384.126,385.55 1 0
github.com/linuxdeepin/lastore-daemon/src/internal/system/apt/proxy.go:385.55,387.3 1 0
github.com/linuxdeepin/lastore-daemon/src/internal/system/apt/proxy.go:396.2,396.25 1 0
github.com/linuxdeepin/lastore-daemon/src/internal/system/apt/proxy.go:396.25,399.9 3 0
github.com/linuxdeepin/lastore-daemon/src/internal/system/apt/proxy.go:399.9,401.4 1 0
github.com/linuxdeepin/lastore-daemon/src/internal/system/apt/proxy.go:403.3,406.17 4 0
github.com/linuxdeepin/lastore-daemon/src/internal/system/apt/proxy.go:406.17,410.4 1 0
github.com/linuxdeepin/lastore-daemon/src/internal/system/apt/proxy.go:411.3,416.19 5 0
github.com/linuxdeepin/lastore-daemon/src/internal/system/apt/proxy.go:418.2,420.18 3 0
github.com/linuxdeepin/lastore-daemon/src/internal/system/apt/proxy.go:423.94,424.55 1 0
github.com/linuxdeepin/lastore-daemon/src/internal/system/apt/proxy.go:424.55,426.3 1 0
github.com/linuxdeepin/lastore-daemon/src/internal/system/apt/proxy.go:427.2,429.16 3 0
github.com/linuxdeepin/lastore-daemon/src/internal/system/apt/proxy.go:429.16,431.3 1 0
github.com/linuxdeepin/lastore-daemon/src/internal/system/apt/proxy.go:433.2,436.21 4 0
github.com/linuxdeepin/lastore-daemon/src/internal/system/apt/proxy.go:439.119,440.55 1 0
github.com/linuxdeepin/lastore-daemon/src/internal/system/apt/proxy.go:440.55,442.3 1 0
github.com/linuxdeepin/lastore-daemon/src/internal/system/apt/proxy.go:443.2,445.16 3 0
github.com/linuxdeepin/lastore-daemon/src/internal/system/apt/proxy.go:445.16,447.3 1 0
github.com/linuxdeepin/lastore-daemon/src/internal/system/apt/proxy.go:448.2,451.21 4 0
github.com/linuxdeepin/lastore-daemon/src/internal/system/apt/proxy.go:454.123,455.55 1 0
github.com/linuxdeepin/lastore-daemon/src/internal/system/apt/proxy.go:455.55,457.3 1 0
github.com/linuxdeepin/lastore-daemon/src/internal/system/apt/proxy.go:458.2,460.16 3 0
github.com/linuxdeepin/lastore-daemon/src/internal/system/apt/proxy.go:460.16,464.65 3 0
github.com/linuxdeepin/lastore-daemon/src/internal/system/apt/proxy.go:464.65,466.4 1 0
github.com/linuxdeepin/lastore-daemon/src/internal/system/apt/proxy.go:469.2,469.25 1 0
github.com/linuxdeepin/lastore-daemon/src/internal/system/apt/proxy.go:469.25,473.9 4 0
github.com/linuxdeepin/lastore-daemon/src/internal/system/apt/proxy.go:473.9,475.4 1 0
github.com/linuxdeepin/lastore-daemon/src/internal/system/apt/proxy.go:477.3,480.17 4 0
github.com/linuxdeepin/lastore-daemon/src/internal/system/apt/proxy.go:480.17,484.4 1 0
github.com/linuxdeepin/lastore-daemon/src/internal/system/apt/proxy.go:485.3,490.19 5 0
github.com/linuxdeepin/lastore-daemon/src/internal/system/apt/proxy.go:493.2,496.21 4 0
github.com/linuxdeepin/lastore-daemon/src/internal/system/apt/proxy.go:499.105,500.25 1 0
github.com/linuxdeepin/lastore-daemon/src/internal/system/apt/proxy.go:500.25,503.17 3 0
github.com/linuxdeepin/lastore-daemon/src/internal/system/apt/proxy.go:503.17,505.4 1 0
github.com/linuxdeepin/lastore-daemon/src/internal/system/apt/proxy.go:507.2,508.27 2 0
github.com/linuxdeepin/lastore-daemon/src/internal/system/apt/proxy.go:508.27,510.122 1 0
github.com/linuxdeepin/lastore-daemon/src/internal/system/apt/proxy.go:510.122,511.75 1 0
github.com/linuxdeepin/lastore-daemon/src/internal/system/apt/proxy.go:511.75,513.5 1 0
github.com/linuxdeepin/lastore-daemon/src/internal/system/apt/proxy.go:513.10,515.5 1 0
github.com/linuxdeepin/lastore-daemon/src/internal/system/apt/proxy.go:516.4,516.15 1 0
github.com/linuxdeepin/lastore-daemon/src/internal/system/apt/proxy.go:518.3,518.15 1 0
github.com/linuxdeepin/lastore-daemon/src/internal/system/apt/proxy.go:520.2,521.18 2 0
github.com/linuxdeepin/lastore-daemon/src/internal/system/apt/proxy.go:524.47,527.2 2 0
github.com/linuxdeepin/lastore-daemon/src/internal/system/apt/proxy.go:529.47,530.37 1 0
github.com/linuxdeepin/lastore-daemon/src/internal/system/apt/proxy.go:530.37,532.3 1 0
github.com/linuxdeepin/lastore-daemon/src/internal/system/apt/proxy.go:533.2,533.47 1 0
github.com/linuxdeepin/lastore-daemon/src/internal/system/apt/proxy.go:536.57,537.37 1 0
github.com/linuxdeepin/lastore-daemon/src/internal/system/apt/proxy.go:537.37,539.3 1 0
github.com/linuxdeepin/lastore-daemon/src/internal/system/apt/proxy.go:540.2,540.47 1 0
github.com/linuxdeepin/lastore-daemon/src/internal/system/apt/proxy.go:543.117,548.68 5 0
github.com/linuxdeepin/lastore-daemon/src/internal/system/apt/proxy.go:548.68,550.3 1 0
github.com/linuxdeepin/lastore-daemon/src/internal/system/apt/proxy.go:552.2,552.65 1 0
github.com/linuxdeepin/lastore-daemon/src/internal/system/apt/proxy.go:552.65,555.17 3 0
github.com/linuxdeepin/lastore-daemon/src/internal/system/apt/proxy.go:555.17,557.4 1 0
github.com/linuxdeepin/lastore-daemon/src/internal/system/apt/proxy.go:560.2,560.18 1 0
github.com/linuxdeepin/lastore-daemon/src/internal/system/apt/proxy.go:563.125,565.2 1 0
github.com/linuxdeepin/lastore-daemon/src/internal/system/apt/proxy.go:567.77,569.16 2 0
github.com/linuxdeepin/lastore-daemon/src/internal/system/apt/proxy.go:569.16,571.3 1 0
github.com/linuxdeepin/lastore-daemon/src/internal/system/apt/proxy.go:572.2,573.16 2 0
github.com/linuxdeepin/lastore-daemon/src/internal/system/apt/proxy.go:573.16,575.3 1 0
github.com/linuxdeepin/lastore-daemon/src/internal/system/apt/proxy.go:578.63,594.58 10 0
github.com/linuxdeepin/lastore-daemon/src/internal/system/apt/proxy.go:594.58,597.3 2 0
github.com/linuxdeepin/lastore-daemon/src/internal/system/apt/proxy.go:599.2,600.17 2 0
github.com/linuxdeepin/lastore-daemon/src/internal/system/apt/proxy.go:608.152,617.23 5 0
github.com/linuxdeepin/lastore-daemon/src/internal/system/apt/proxy.go:617.23,619.3 1 0
github.com/linuxdeepin/lastore-daemon/src/internal/system/apt/proxy.go:620.2,626.16 7 0
github.com/linuxdeepin/lastore-daemon/src/internal/system/apt/proxy.go:626.16,629.3 2 0
github.com/linuxdeepin/lastore-daemon/src/internal/system/apt/proxy.go:630.2,635.51 4 0
github.com/linuxdeepin/lastore-daemon/src/internal/system/apt/proxy.go:635.51,638.32 2 0
github.com/linuxdeepin/lastore-daemon/src/internal/system/apt/proxy.go:638.32,640.24 2 0
github.com/linuxdeepin/lastore-daemon/src/internal/system/apt/proxy.go:640.24,642.5 1 0
github.com/linuxdeepin/lastore-daemon/src/internal/system/apt/proxy.go:643.4,643.25 1 0
github.com/linuxdeepin/lastore-daemon/src/internal/system/apt/proxy.go:643.25,649.5 1 0
github.com/linuxdeepin/lastore-daemon/src/internal/system/apt/proxy.go:649.10,651.32 2 0
github.com/linuxdeepin/lastore-daemon/src/internal/system/apt/proxy.go:651.32,657.6 1 0
github.com/linuxdeepin/lastore-daemon/src/internal/system/apt/proxy.go:661.2,661.48 1 0
github.com/linuxdeepin/lastore-daemon/src/internal/system/apt/proxy.go:666.84,672.50 2 0
github.com/linuxdeepin/lastore-daemon/src/internal/system/apt/proxy.go:672.50,673.19 1 0
github.com/linuxdeepin/lastore-daemon/src/internal/system/apt/proxy.go:673.19,676.4 2 0
github.com/linuxdeepin/lastore-daemon/src/internal/system/apt/proxy.go:676.9,679.4 2 0
github.com/linuxdeepin/lastore-daemon/src/internal/system/apt/proxy.go:680.8,682.3 1 0
github.com/linuxdeepin/lastore-daemon/src/internal/system/apt/proxy.go:683.2,695.56 11 0
github.com/linuxdeepin/lastore-daemon/src/internal/system/apt/proxy.go:695.56,700.3 3 0
github.com/linuxdeepin/lastore-daemon/src/internal/system/apt/proxy.go:702.2,703.17 2 0
github.com/linuxdeepin/lastore-daemon/src/internal/system/apt/proxy.go:706.59,715.17 6 1
github.com/linuxdeepin/lastore-daemon/src/internal/system/apt/proxy.go:715.17,717.58 2 1
github.com/linuxdeepin/lastore-daemon/src/internal/system/apt/proxy.go:717.58,719.12 2 1
github.com/linuxdeepin/lastore-daemon/src/internal/system/apt/proxy.go:722.3,722.10 1 1
github.com/linuxdeepin/lastore-daemon/src/internal/system/apt/proxy.go:722.10,723.12 1 1
github.com/linuxdeepin/lastore-daemon/src/internal/system/apt/proxy.go:726.3,726.36 1 1
github.com/linuxdeepin/lastore-daemon/src/internal/system/apt/proxy.go:726.36,727.9 1 1
github.com/linuxdeepin/lastore-daemon/src/internal/system/apt/proxy.go:730.3,730.42 1 1
github.com/linuxdeepin/lastore-daemon/src/internal/system/apt/proxy.go:730.42,732.4 1 1
github.com/linuxdeepin/lastore-daemon/src/internal/system/apt/proxy.go:735.2,735.10 1 1
github.com/linuxdeepin/lastore-daemon/src/internal/system/apt/proxy.go:752.79,755.16 3 1
github.com/linuxdeepin/lastore-daemon/src/internal/system/apt/proxy.go:755.16,761.3 1 1
github.com/linuxdeepin/lastore-daemon/src/internal/system/apt/proxy.go:762.2,762.22 1 1
github.com/linuxdeepin/lastore-daemon/src/internal/system/apt/proxy.go:762.22,766.3 2 1
github.com/linuxdeepin/lastore-daemon/src/internal/system/apt/proxy.go:769.2,770.25 2 1
github.com/linuxdeepin/lastore-daemon/src/internal/system/apt/proxy.go:770.25,773.3 1 1
github.com/linuxdeepin/lastore-daemon/src/internal/system/apt/proxy.go:773.8,776.3 1 1
github.com/linuxdeepin/lastore-daemon/src/internal/system/apt/proxy.go:778.2,782.3 1 1
github.com/linuxdeepin/lastore-daemon/src/internal/system/apt/proxy.go:785.50,788.78 3 0
github.com/linuxdeepin/lastore-daemon/src/internal/system/apt/proxy.go:788.78,796.58 4 0
github.com/linuxdeepin/lastore-daemon/src/internal/system/apt/proxy.go:796.58,798.4 1 0
github.com/linuxdeepin/lastore-daemon/src/internal/system/apt/proxy.go:799.3,805.9 1 0
github.com/linuxdeepin/lastore-daemon/src/internal/system/apt/proxy.go:807.2,810.48 2 0
github.com/linuxdeepin/lastore-daemon/src/internal/system/apt/proxy.go:810.48,812.22 2 0
github.com/linuxdeepin/lastore-daemon/src/internal/system/apt/proxy.go:812.22,813.12 1 0
github.com/linuxdeepin/lastore-daemon/src/internal/system/apt/proxy.go:815.3,815.31 1 0
github.com/linuxdeepin/lastore-daemon/src/internal/system/apt/proxy.go:818.2,825.18 3 0
github.com/linuxdeepin/lastore-daemon/src/dev-tools/iup-tool/cmd_get_current_packages.go:23.13,27.2 3 1
github.com/linuxdeepin/lastore-daemon/src/dev-tools/iup-tool/cmd_get_current_packages.go:29.63,30.30 1 0
github.com/linuxdeepin/lastore-daemon/src/dev-tools/iup-tool/cmd_get_current_packages.go:30.30,33.3 2 0
github.com/linuxdeepin/lastore-daemon/src/dev-tools/iup-tool/cmd_get_current_packages.go:35.2,36.16 2 0
github.com/linuxdeepin/lastore-daemon/src/dev-tools/iup-tool/cmd_get_current_packages.go:36.16,39.3 2 0
github.com/linuxdeepin/lastore-daemon/src/dev-tools/iup-tool/cmd_get_current_packages.go:41.2,42.16 2 0
github.com/linuxdeepin/lastore-daemon/src/dev-tools/iup-tool/cmd_get_current_packages.go:42.16,45.3 2 0
github.com/linuxdeepin/lastore-daemon/src/dev-tools/iup-tool/cmd_get_current_packages.go:47.2,48.17 2 0
github.com/linuxdeepin/lastore-daemon/src/dev-tools/iup-tool/cmd_get_current_packages.go:48.17,51.3 2 0
github.com/linuxdeepin/lastore-daemon/src/dev-tools/iup-tool/cmd_get_current_packages.go:53.2,60.62 8 0
github.com/linuxdeepin/lastore-daemon/src/dev-tools/iup-tool/cmd_get_current_packages.go:63.93,70.16 7 1
github.com/linuxdeepin/lastore-daemon/src/dev-tools/iup-tool/cmd_get_current_packages.go:70.16,72.3 1 0
github.com/linuxdeepin/lastore-daemon/src/dev-tools/iup-tool/cmd_get_current_packages.go:73.2,75.27 3 1
github.com/linuxdeepin/lastore-daemon/src/dev-tools/iup-tool/cmd_get_current_packages.go:78.72,81.16 3 1
github.com/linuxdeepin/lastore-daemon/src/dev-tools/iup-tool/cmd_get_current_packages.go:81.16,84.3 2 1
github.com/linuxdeepin/lastore-daemon/src/dev-tools/iup-tool/cmd_get_current_packages.go:85.2,85.12 1 1
github.com/linuxdeepin/lastore-daemon/src/dev-tools/iup-tool/cmd_get_cve_info.go:23.13,26.2 2 1
github.com/linuxdeepin/lastore-daemon/src/dev-tools/iup-tool/cmd_get_cve_info.go:28.55,30.16 2 0
github.com/linuxdeepin/lastore-daemon/src/dev-tools/iup-tool/cmd_get_cve_info.go:30.16,33.3 2 0
github.com/linuxdeepin/lastore-daemon/src/dev-tools/iup-tool/cmd_get_cve_info.go:35.2,36.16 2 0
github.com/linuxdeepin/lastore-daemon/src/dev-tools/iup-tool/cmd_get_cve_info.go:36.16,39.3 2 0
github.com/linuxdeepin/lastore-daemon/src/dev-tools/iup-tool/cmd_get_cve_info.go:41.2,42.20 2 0
github.com/linuxdeepin/lastore-daemon/src/dev-tools/iup-tool/cmd_get_cve_info.go:42.20,45.3 2 0
github.com/linuxdeepin/lastore-daemon/src/dev-tools/iup-tool/cmd_get_cve_info.go:47.2,53.43 5 0
github.com/linuxdeepin/lastore-daemon/src/dev-tools/iup-tool/cmd_get_cve_info.go:53.43,54.18 1 0
github.com/linuxdeepin/lastore-daemon/src/dev-tools/iup-tool/cmd_get_cve_info.go:54.18,56.9 2 0
github.com/linuxdeepin/lastore-daemon/src/dev-tools/iup-tool/cmd_get_cve_info.go:58.3,60.10 3 0
github.com/linuxdeepin/lastore-daemon/src/dev-tools/iup-tool/cmd_get_cve_info.go:64.85,71.16 7 1
github.com/linuxdeepin/lastore-daemon/src/dev-tools/iup-tool/cmd_get_cve_info.go:71.16,73.3 1 0
github.com/linuxdeepin/lastore-daemon/src/dev-tools/iup-tool/cmd_get_cve_info.go:74.2,76.27 3 1
github.com/linuxdeepin/lastore-daemon/src/dev-tools/iup-tool/cmd_get_cve_info.go:79.48,82.16 3 1
github.com/linuxdeepin/lastore-daemon/src/dev-tools/iup-tool/cmd_get_cve_info.go:82.16,85.3 2 1
github.com/linuxdeepin/lastore-daemon/src/dev-tools/iup-tool/cmd_get_cve_info.go:86.2,86.12 1 1
github.com/linuxdeepin/lastore-daemon/src/dev-tools/iup-tool/cmd_get_update_log.go:27.13,32.2 4 1
github.com/linuxdeepin/lastore-daemon/src/dev-tools/iup-tool/cmd_get_update_log.go:34.57,35.29 1 0
github.com/linuxdeepin/lastore-daemon/src/dev-tools/iup-tool/cmd_get_update_log.go:35.29,38.3 2 0
github.com/linuxdeepin/lastore-daemon/src/dev-tools/iup-tool/cmd_get_update_log.go:40.2,41.16 2 0
github.com/linuxdeepin/lastore-daemon/src/dev-tools/iup-tool/cmd_get_update_log.go:41.16,44.3 2 0
github.com/linuxdeepin/lastore-daemon/src/dev-tools/iup-tool/cmd_get_update_log.go:46.2,47.16 2 0
github.com/linuxdeepin/lastore-daemon/src/dev-tools/iup-tool/cmd_get_update_log.go:47.16,50.3 2 0
github.com/linuxdeepin/lastore-daemon/src/dev-tools/iup-tool/cmd_get_update_log.go:52.2,53.17 2 0
github.com/linuxdeepin/lastore-daemon/src/dev-tools/iup-tool/cmd_get_update_log.go:53.17,56.3 2 0
github.com/linuxdeepin/lastore-daemon/src/dev-tools/iup-tool/cmd_get_update_log.go:57.2,57.56 1 0
github.com/linuxdeepin/lastore-daemon/src/dev-tools/iup-tool/cmd_get_update_log.go:60.103,68.16 8 1
github.com/linuxdeepin/lastore-daemon/src/dev-tools/iup-tool/cmd_get_update_log.go:68.16,70.3 1 0
github.com/linuxdeepin/lastore-daemon/src/dev-tools/iup-tool/cmd_get_update_log.go:71.2,73.27 3 1
github.com/linuxdeepin/lastore-daemon/src/dev-tools/iup-tool/cmd_get_update_log.go:76.61,79.16 3 1
github.com/linuxdeepin/lastore-daemon/src/dev-tools/iup-tool/cmd_get_update_log.go:79.16,82.3 2 1
github.com/linuxdeepin/lastore-daemon/src/dev-tools/iup-tool/cmd_get_update_log.go:83.2,83.12 1 1
github.com/linuxdeepin/lastore-daemon/src/dev-tools/iup-tool/cmd_get_version.go:15.58,18.16 3 1
github.com/linuxdeepin/lastore-daemon/src/dev-tools/iup-tool/cmd_get_version.go:18.16,21.3 2 1
github.com/linuxdeepin/lastore-daemon/src/dev-tools/iup-tool/cmd_get_version.go:22.2,22.12 1 1
github.com/linuxdeepin/lastore-daemon/src/dev-tools/iup-tool/cmd_get_version.go:26.78,30.16 4 1
github.com/linuxdeepin/lastore-daemon/src/dev-tools/iup-tool/cmd_get_version.go:30.16,32.3 1 0
github.com/linuxdeepin/lastore-daemon/src/dev-tools/iup-tool/cmd_get_version.go:33.2,36.27 4 1
github.com/linuxdeepin/lastore-daemon/src/dev-tools/iup-tool/cmd_get_version.go:40.64,42.16 2 1
github.com/linuxdeepin/lastore-daemon/src/dev-tools/iup-tool/cmd_get_version.go:42.16,44.3 1 1
github.com/linuxdeepin/lastore-daemon/src/dev-tools/iup-tool/cmd_get_version.go:45.2,47.16 3 1
github.com/linuxdeepin/lastore-daemon/src/dev-tools/iup-tool/cmd_get_version.go:47.16,49.3 1 1
github.com/linuxdeepin/lastore-daemon/src/dev-tools/iup-tool/cmd_get_version.go:50.2,52.12 3 1
github.com/linuxdeepin/lastore-daemon/src/dev-tools/iup-tool/cmd_get_version.go:59.47,61.17 2 0
github.com/linuxdeepin/lastore-daemon/src/dev-tools/iup-tool/cmd_get_version.go:61.17,64.4 2 0
github.com/linuxdeepin/lastore-daemon/src/dev-tools/iup-tool/cmd_get_version.go:68.13,70.2 1 1
github.com/linuxdeepin/lastore-daemon/src/dev-tools/iup-tool/cmd_post_process.go:46.13,56.2 9 1
github.com/linuxdeepin/lastore-daemon/src/dev-tools/iup-tool/cmd_post_process.go:58.56,60.30 1 0
github.com/linuxdeepin/lastore-daemon/src/dev-tools/iup-tool/cmd_post_process.go:60.30,63.3 2 0
github.com/linuxdeepin/lastore-daemon/src/dev-tools/iup-tool/cmd_post_process.go:66.2,67.27 2 0
github.com/linuxdeepin/lastore-daemon/src/dev-tools/iup-tool/cmd_post_process.go:67.27,70.17 2 0
github.com/linuxdeepin/lastore-daemon/src/dev-tools/iup-tool/cmd_post_process.go:70.17,73.4 2 0
github.com/linuxdeepin/lastore-daemon/src/dev-tools/iup-tool/cmd_post_process.go:74.3,74.30 1 0
github.com/linuxdeepin/lastore-daemon/src/dev-tools/iup-tool/cmd_post_process.go:75.8,87.17 4 0
github.com/linuxdeepin/lastore-daemon/src/dev-tools/iup-tool/cmd_post_process.go:87.17,90.4 2 0
github.com/linuxdeepin/lastore-daemon/src/dev-tools/iup-tool/cmd_post_process.go:91.3,92.30 2 0
github.com/linuxdeepin/lastore-daemon/src/dev-tools/iup-tool/cmd_post_process.go:96.2,103.16 5 0
github.com/linuxdeepin/lastore-daemon/src/dev-tools/iup-tool/cmd_post_process.go:103.16,106.3 2 0
github.com/linuxdeepin/lastore-daemon/src/dev-tools/iup-tool/cmd_post_process.go:108.2,109.16 2 0
github.com/linuxdeepin/lastore-daemon/src/dev-tools/iup-tool/cmd_post_process.go:109.16,112.3 2 0
github.com/linuxdeepin/lastore-daemon/src/dev-tools/iup-tool/cmd_post_process.go:114.2,115.50 2 0
github.com/linuxdeepin/lastore-daemon/src/dev-tools/iup-tool/cmd_post_process.go:118.37,122.29 2 0
github.com/linuxdeepin/lastore-daemon/src/dev-tools/iup-tool/cmd_post_process.go:122.29,123.42 1 0
github.com/linuxdeepin/lastore-daemon/src/dev-tools/iup-tool/cmd_post_process.go:123.42,126.4 2 0
github.com/linuxdeepin/lastore-daemon/src/dev-tools/iup-tool/cmd_post_process.go:130.2,132.16 3 0
github.com/linuxdeepin/lastore-daemon/src/dev-tools/iup-tool/cmd_post_process.go:132.16,135.3 2 0
github.com/linuxdeepin/lastore-daemon/src/dev-tools/iup-tool/cmd_post_process.go:138.2,139.16 2 0
github.com/linuxdeepin/lastore-daemon/src/dev-tools/iup-tool/cmd_post_process.go:139.16,142.3 2 0
github.com/linuxdeepin/lastore-daemon/src/dev-tools/iup-tool/cmd_post_process.go:143.2,148.16 4 0
github.com/linuxdeepin/lastore-daemon/src/dev-tools/iup-tool/cmd_post_process.go:148.16,151.3 2 0
github.com/linuxdeepin/lastore-daemon/src/dev-tools/iup-tool/cmd_post_process.go:153.2,154.16 2 0
github.com/linuxdeepin/lastore-daemon/src/dev-tools/iup-tool/cmd_post_process.go:154.16,157.3 2 0
github.com/linuxdeepin/lastore-daemon/src/dev-tools/iup-tool/cmd_post_process.go:159.2,163.18 3 0
github.com/linuxdeepin/lastore-daemon/src/dev-tools/iup-tool/cmd_post_process.go:163.18,165.3 1 0
github.com/linuxdeepin/lastore-daemon/src/dev-tools/iup-tool/cmd_post_process.go:168.111,173.18 3 0
github.com/linuxdeepin/lastore-daemon/src/dev-tools/iup-tool/cmd_post_process.go:173.18,175.3 1 0
github.com/linuxdeepin/lastore-daemon/src/dev-tools/iup-tool/cmd_post_process.go:178.2,179.16 2 0
github.com/linuxdeepin/lastore-daemon/src/dev-tools/iup-tool/cmd_post_process.go:179.16,181.3 1 0
github.com/linuxdeepin/lastore-daemon/src/dev-tools/iup-tool/cmd_post_process.go:183.2,186.36 4 0
github.com/linuxdeepin/lastore-daemon/src/dev-tools/iup-tool/cmd_post_process.go:186.36,189.3 2 0
github.com/linuxdeepin/lastore-daemon/src/dev-tools/iup-tool/cmd_post_process.go:190.2,197.16 5 0
github.com/linuxdeepin/lastore-daemon/src/dev-tools/iup-tool/cmd_post_process.go:197.16,199.3 1 0
github.com/linuxdeepin/lastore-daemon/src/dev-tools/iup-tool/cmd_post_process.go:200.2,207.16 5 0
github.com/linuxdeepin/lastore-daemon/src/dev-tools/iup-tool/cmd_post_process.go:207.16,209.3 1 0
github.com/linuxdeepin/lastore-daemon/src/dev-tools/iup-tool/cmd_post_process.go:212.2,220.27 8 0
github.com/linuxdeepin/lastore-daemon/src/dev-tools/iup-tool/cmd_post_process_event.go:32.13,41.2 8 1
github.com/linuxdeepin/lastore-daemon/src/dev-tools/iup-tool/cmd_post_process_event.go:43.61,47.25 2 0
github.com/linuxdeepin/lastore-daemon/src/dev-tools/iup-tool/cmd_post_process_event.go:47.25,49.17 2 0
github.com/linuxdeepin/lastore-daemon/src/dev-tools/iup-tool/cmd_post_process_event.go:49.17,52.4 2 0
github.com/linuxdeepin/lastore-daemon/src/dev-tools/iup-tool/cmd_post_process_event.go:53.3,55.17 3 0
github.com/linuxdeepin/lastore-daemon/src/dev-tools/iup-tool/cmd_post_process_event.go:55.17,58.4 2 0
github.com/linuxdeepin/lastore-daemon/src/dev-tools/iup-tool/cmd_post_process_event.go:59.8,66.3 1 0
github.com/linuxdeepin/lastore-daemon/src/dev-tools/iup-tool/cmd_post_process_event.go:69.2,69.36 1 0
github.com/linuxdeepin/lastore-daemon/src/dev-tools/iup-tool/cmd_post_process_event.go:69.36,71.3 1 0
github.com/linuxdeepin/lastore-daemon/src/dev-tools/iup-tool/cmd_post_process_event.go:74.2,74.32 1 0
github.com/linuxdeepin/lastore-daemon/src/dev-tools/iup-tool/cmd_post_process_event.go:74.32,78.51 3 0
github.com/linuxdeepin/lastore-daemon/src/dev-tools/iup-tool/cmd_post_process_event.go:78.51,80.4 1 0
github.com/linuxdeepin/lastore-daemon/src/dev-tools/iup-tool/cmd_post_process_event.go:81.3,82.13 2 0
github.com/linuxdeepin/lastore-daemon/src/dev-tools/iup-tool/cmd_post_process_event.go:85.2,92.16 5 0
github.com/linuxdeepin/lastore-daemon/src/dev-tools/iup-tool/cmd_post_process_event.go:92.16,95.3 2 0
github.com/linuxdeepin/lastore-daemon/src/dev-tools/iup-tool/cmd_post_process_event.go:97.2,98.16 2 0
github.com/linuxdeepin/lastore-daemon/src/dev-tools/iup-tool/cmd_post_process_event.go:98.16,101.3 2 0
github.com/linuxdeepin/lastore-daemon/src/dev-tools/iup-tool/cmd_post_process_event.go:103.2,104.50 2 0
github.com/linuxdeepin/lastore-daemon/src/dev-tools/iup-tool/cmd_post_process_event.go:107.105,113.16 4 0
github.com/linuxdeepin/lastore-daemon/src/dev-tools/iup-tool/cmd_post_process_event.go:113.16,115.3 1 0
github.com/linuxdeepin/lastore-daemon/src/dev-tools/iup-tool/cmd_post_process_event.go:117.2,121.16 3 0
github.com/linuxdeepin/lastore-daemon/src/dev-tools/iup-tool/cmd_post_process_event.go:121.16,123.3 1 0
github.com/linuxdeepin/lastore-daemon/src/dev-tools/iup-tool/cmd_post_process_event.go:126.2,128.16 3 0
github.com/linuxdeepin/lastore-daemon/src/dev-tools/iup-tool/cmd_post_process_event.go:128.16,130.3 1 0
github.com/linuxdeepin/lastore-daemon/src/dev-tools/iup-tool/cmd_post_process_event.go:133.2,139.27 6 0
github.com/linuxdeepin/lastore-daemon/src/dev-tools/iup-tool/cmd_post_result.go:33.13,41.2 7 1
github.com/linuxdeepin/lastore-daemon/src/dev-tools/iup-tool/cmd_post_result.go:43.55,47.26 2 0
github.com/linuxdeepin/lastore-daemon/src/dev-tools/iup-tool/cmd_post_result.go:47.26,49.17 2 0
github.com/linuxdeepin/lastore-daemon/src/dev-tools/iup-tool/cmd_post_result.go:49.17,52.4 2 0
github.com/linuxdeepin/lastore-daemon/src/dev-tools/iup-tool/cmd_post_result.go:53.3,55.17 3 0
github.com/linuxdeepin/lastore-daemon/src/dev-tools/iup-tool/cmd_post_result.go:55.17,58.4 2 0
github.com/linuxdeepin/lastore-daemon/src/dev-tools/iup-tool/cmd_post_result.go:59.8,78.3 1 0
github.com/linuxdeepin/lastore-daemon/src/dev-tools/iup-tool/cmd_post_result.go:79.2,82.16 3 0
github.com/linuxdeepin/lastore-daemon/src/dev-tools/iup-tool/cmd_post_result.go:82.16,85.3 2 0
github.com/linuxdeepin/lastore-daemon/src/dev-tools/iup-tool/cmd_post_result.go:87.2,88.16 2 0
github.com/linuxdeepin/lastore-daemon/src/dev-tools/iup-tool/cmd_post_result.go:88.16,91.3 2 0
github.com/linuxdeepin/lastore-daemon/src/dev-tools/iup-tool/cmd_post_result.go:93.2,94.50 2 0
github.com/linuxdeepin/lastore-daemon/src/dev-tools/iup-tool/cmd_post_result.go:98.102,103.16 4 0
github.com/linuxdeepin/lastore-daemon/src/dev-tools/iup-tool/cmd_post_result.go:103.16,105.3 1 0
github.com/linuxdeepin/lastore-daemon/src/dev-tools/iup-tool/cmd_post_result.go:107.2,111.16 3 0
github.com/linuxdeepin/lastore-daemon/src/dev-tools/iup-tool/cmd_post_result.go:111.16,113.3 1 0
github.com/linuxdeepin/lastore-daemon/src/dev-tools/iup-tool/cmd_post_result.go:116.2,119.16 3 0
github.com/linuxdeepin/lastore-daemon/src/dev-tools/iup-tool/cmd_post_result.go:119.16,121.3 1 0
github.com/linuxdeepin/lastore-daemon/src/dev-tools/iup-tool/cmd_post_result.go:123.2,124.27 2 0
github.com/linuxdeepin/lastore-daemon/src/dev-tools/iup-tool/iup-tool.go:16.27,23.2 2 0
github.com/linuxdeepin/lastore-daemon/src/dev-tools/iup-tool/iup-tool.go:29.60,31.18 1 0
github.com/linuxdeepin/lastore-daemon/src/dev-tools/iup-tool/iup-tool.go:31.18,33.4 1 0
github.com/linuxdeepin/lastore-daemon/src/dev-tools/iup-tool/iup-tool.go:33.9,35.4 1 0
github.com/linuxdeepin/lastore-daemon/src/dev-tools/iup-tool/iup-tool.go:36.3,39.23 2 0
github.com/linuxdeepin/lastore-daemon/src/dev-tools/iup-tool/iup-tool.go:48.13,52.2 2 1
github.com/linuxdeepin/lastore-daemon/src/dev-tools/iup-tool/iup-tool.go:54.13,55.42 1 0
github.com/linuxdeepin/lastore-daemon/src/dev-tools/iup-tool/iup-tool.go:55.42,58.3 2 0
github.com/linuxdeepin/lastore-daemon/src/dev-tools/iup-tool/types.go:23.38,25.2 1 1
github.com/linuxdeepin/lastore-daemon/src/dev-tools/iup-tool/types.go:95.35,96.11 1 1
github.com/linuxdeepin/lastore-daemon/src/dev-tools/iup-tool/types.go:97.21,98.25 1 1
github.com/linuxdeepin/lastore-daemon/src/dev-tools/iup-tool/types.go:99.20,100.24 1 1
github.com/linuxdeepin/lastore-daemon/src/dev-tools/iup-tool/types.go:101.17,102.21 1 1
github.com/linuxdeepin/lastore-daemon/src/dev-tools/iup-tool/types.go:103.22,104.26 1 1
github.com/linuxdeepin/lastore-daemon/src/dev-tools/iup-tool/types.go:105.23,106.27 1 1
github.com/linuxdeepin/lastore-daemon/src/dev-tools/iup-tool/types.go:107.10,108.40 1 1
github.com/linuxdeepin/lastore-daemon/src/dev-tools/iup-tool/types.go:236.43,237.11 1 1
github.com/linuxdeepin/lastore-daemon/src/dev-tools/iup-tool/types.go:238.16,239.20 1 1
github.com/linuxdeepin/lastore-daemon/src/dev-tools/iup-tool/types.go:240.22,241.26 1 1
github.com/linuxdeepin/lastore-daemon/src/dev-tools/iup-tool/types.go:242.21,243.25 1 1
github.com/linuxdeepin/lastore-daemon/src/dev-tools/iup-tool/types.go:244.24,245.28 1 1
github.com/linuxdeepin/lastore-daemon/src/dev-tools/iup-tool/types.go:246.19,247.23 1 1
github.com/linuxdeepin/lastore-daemon/src/dev-tools/iup-tool/types.go:248.22,249.26 1 1
github.com/linuxdeepin/lastore-daemon/src/dev-tools/iup-tool/types.go:250.20,251.24 1 1
github.com/linuxdeepin/lastore-daemon/src/dev-tools/iup-tool/types.go:252.10,253.48 1 1
github.com/linuxdeepin/lastore-daemon/src/dev-tools/iup-tool/types.go:258.42,260.2 1 1
github.com/linuxdeepin/lastore-daemon/src/dev-tools/iup-tool/types.go:287.40,288.11 1 1
github.com/linuxdeepin/lastore-daemon/src/dev-tools/iup-tool/types.go:289.22,290.26 1 1
github.com/linuxdeepin/lastore-daemon/src/dev-tools/iup-tool/types.go:291.21,292.25 1 1
github.com/linuxdeepin/lastore-daemon/src/dev-tools/iup-tool/types.go:293.19,294.23 1 1
github.com/linuxdeepin/lastore-daemon/src/dev-tools/iup-tool/types.go:295.10,296.19 1 1
github.com/linuxdeepin/lastore-daemon/src/dev-tools/iup-tool/utils.go:40.35,44.2 1 1
github.com/linuxdeepin/lastore-daemon/src/dev-tools/iup-tool/utils.go:47.37,50.16 3 0
github.com/linuxdeepin/lastore-daemon/src/dev-tools/iup-tool/utils.go:50.16,53.3 2 0
github.com/linuxdeepin/lastore-daemon/src/dev-tools/iup-tool/utils.go:56.2,57.16 2 0
github.com/linuxdeepin/lastore-daemon/src/dev-tools/iup-tool/utils.go:57.16,60.3 2 0
github.com/linuxdeepin/lastore-daemon/src/dev-tools/iup-tool/utils.go:63.2,64.20 2 0
github.com/linuxdeepin/lastore-daemon/src/dev-tools/iup-tool/utils.go:64.20,67.3 2 0
github.com/linuxdeepin/lastore-daemon/src/dev-tools/iup-tool/utils.go:68.2,69.40 2 0
github.com/linuxdeepin/lastore-daemon/src/dev-tools/iup-tool/utils.go:69.40,72.3 2 0
github.com/linuxdeepin/lastore-daemon/src/dev-tools/iup-tool/utils.go:74.2,76.14 3 0
github.com/linuxdeepin/lastore-daemon/src/dev-tools/iup-tool/utils.go:79.53,80.17 1 1
github.com/linuxdeepin/lastore-daemon/src/dev-tools/iup-tool/utils.go:80.17,82.3 1 1
github.com/linuxdeepin/lastore-daemon/src/dev-tools/iup-tool/utils.go:85.2,86.31 2 1
github.com/linuxdeepin/lastore-daemon/src/dev-tools/iup-tool/utils.go:86.31,88.37 2 1
github.com/linuxdeepin/lastore-daemon/src/dev-tools/iup-tool/utils.go:88.37,92.4 3 1
github.com/linuxdeepin/lastore-daemon/src/dev-tools/iup-tool/utils.go:95.2,96.11 2 1
github.com/linuxdeepin/lastore-daemon/src/dev-tools/iup-tool/utils.go:100.43,102.16 2 0
github.com/linuxdeepin/lastore-daemon/src/dev-tools/iup-tool/utils.go:102.16,105.3 2 0
github.com/linuxdeepin/lastore-daemon/src/dev-tools/iup-tool/utils.go:107.2,109.16 3 0
github.com/linuxdeepin/lastore-daemon/src/dev-tools/iup-tool/utils.go:109.16,112.3 2 0
github.com/linuxdeepin/lastore-daemon/src/dev-tools/iup-tool/utils.go:114.2,115.16 2 0
github.com/linuxdeepin/lastore-daemon/src/dev-tools/iup-tool/utils.go:115.16,118.3 2 0
github.com/linuxdeepin/lastore-daemon/src/dev-tools/iup-tool/utils.go:120.2,121.16 2 0
github.com/linuxdeepin/lastore-daemon/src/dev-tools/iup-tool/utils.go:121.16,124.3 2 0
github.com/linuxdeepin/lastore-daemon/src/dev-tools/iup-tool/utils.go:126.2,128.12 3 0
github.com/linuxdeepin/lastore-daemon/src/dev-tools/iup-tool/utils.go:132.60,135.2 2 1
github.com/linuxdeepin/lastore-daemon/src/dev-tools/iup-tool/utils.go:138.93,139.42 1 1
github.com/linuxdeepin/lastore-daemon/src/dev-tools/iup-tool/utils.go:139.42,141.17 2 1
github.com/linuxdeepin/lastore-daemon/src/dev-tools/iup-tool/utils.go:141.17,143.4 1 0
github.com/linuxdeepin/lastore-daemon/src/dev-tools/iup-tool/utils.go:144.3,147.17 4 1
github.com/linuxdeepin/lastore-daemon/src/dev-tools/iup-tool/utils.go:147.17,150.4 2 1
github.com/linuxdeepin/lastore-daemon/src/dev-tools/iup-tool/utils.go:151.3,151.18 1 1
github.com/linuxdeepin/lastore-daemon/src/dev-tools/iup-tool/utils.go:151.18,155.18 4 1
github.com/linuxdeepin/lastore-daemon/src/dev-tools/iup-tool/utils.go:155.18,157.5 1 0
github.com/linuxdeepin/lastore-daemon/src/dev-tools/iup-tool/utils.go:158.4,158.115 1 1
github.com/linuxdeepin/lastore-daemon/src/dev-tools/iup-tool/utils.go:160.3,160.23 1 1
github.com/linuxdeepin/lastore-daemon/src/dev-tools/iup-tool/utils.go:161.8,163.3 1 1
github.com/linuxdeepin/lastore-daemon/src/dev-tools/iup-tool/utils.go:167.49,169.2 1 1
github.com/linuxdeepin/lastore-daemon/src/dev-tools/iup-tool/utils.go:172.47,174.42 2 1
github.com/linuxdeepin/lastore-daemon/src/dev-tools/iup-tool/utils.go:174.42,175.32 1 1
github.com/linuxdeepin/lastore-daemon/src/dev-tools/iup-tool/utils.go:175.32,177.4 1 1
github.com/linuxdeepin/lastore-daemon/src/dev-tools/iup-tool/utils.go:182.53,185.16 2 1
github.com/linuxdeepin/lastore-daemon/src/dev-tools/iup-tool/utils.go:185.16,187.3 1 1
github.com/linuxdeepin/lastore-daemon/src/dev-tools/iup-tool/utils.go:188.2,195.33 4 1
github.com/linuxdeepin/lastore-daemon/src/dev-tools/iup-tool/utils.go:195.33,197.17 2 1
github.com/linuxdeepin/lastore-daemon/src/dev-tools/iup-tool/utils.go:197.17,199.4 1 1
github.com/linuxdeepin/lastore-daemon/src/dev-tools/iup-tool/utils.go:200.3,204.17 3 1
github.com/linuxdeepin/lastore-daemon/src/dev-tools/iup-tool/utils.go:204.17,206.4 1 0
github.com/linuxdeepin/lastore-daemon/src/dev-tools/iup-tool/utils.go:209.3,217.55 2 1
github.com/linuxdeepin/lastore-daemon/src/dev-tools/iup-tool/utils.go:217.55,219.4 1 0
github.com/linuxdeepin/lastore-daemon/src/dev-tools/iup-tool/utils.go:222.3,222.53 1 1
github.com/linuxdeepin/lastore-daemon/src/dev-tools/iup-tool/utils.go:222.53,224.4 1 0
github.com/linuxdeepin/lastore-daemon/src/dev-tools/iup-tool/utils.go:227.2,227.12 1 1
github.com/linuxdeepin/lastore-daemon/src/dev-tools/iup-tool/utils.go:239.46,242.16 2 1
github.com/linuxdeepin/lastore-daemon/src/dev-tools/iup-tool/utils.go:242.16,244.3 1 0
github.com/linuxdeepin/lastore-daemon/src/dev-tools/iup-tool/utils.go:245.2,251.16 4 1
github.com/linuxdeepin/lastore-daemon/src/dev-tools/iup-tool/utils.go:251.16,254.3 2 0
github.com/linuxdeepin/lastore-daemon/src/dev-tools/iup-tool/utils.go:255.2,259.41 5 1
github.com/linuxdeepin/lastore-daemon/src/dev-tools/iup-tool/utils.go:259.41,261.3 1 0
github.com/linuxdeepin/lastore-daemon/src/dev-tools/iup-tool/utils.go:262.2,263.21 2 1
github.com/linuxdeepin/lastore-daemon/src/dev-tools/iup-tool/utils.go:267.53,270.18 3 1
github.com/linuxdeepin/lastore-daemon/src/dev-tools/iup-tool/utils.go:270.18,272.3 1 0
github.com/linuxdeepin/lastore-daemon/src/dev-tools/iup-tool/utils.go:274.2,276.37 2 1
github.com/linuxdeepin/lastore-daemon/src/dev-tools/iup-tool/utils.go:280.52,283.16 3 1
github.com/linuxdeepin/lastore-daemon/src/dev-tools/iup-tool/utils.go:283.16,286.3 2 0
github.com/linuxdeepin/lastore-daemon/src/dev-tools/iup-tool/utils.go:287.2,287.17 1 1
github.com/linuxdeepin/lastore-daemon/src/dev-tools/iup-tool/utils.go:291.55,292.15 1 1
github.com/linuxdeepin/lastore-daemon/src/dev-tools/iup-tool/utils.go:292.15,294.3 1 1
github.com/linuxdeepin/lastore-daemon/src/dev-tools/iup-tool/utils.go:295.2,295.16 1 1
github.com/linuxdeepin/lastore-daemon/src/dev-tools/iup-tool/utils.go:295.16,297.3 1 1
github.com/linuxdeepin/lastore-daemon/src/dev-tools/iup-tool/utils.go:299.2,304.23 4 1
github.com/linuxdeepin/lastore-daemon/src/dev-tools/iup-tool/utils.go:304.23,306.3 1 1
github.com/linuxdeepin/lastore-daemon/src/dev-tools/iup-tool/utils.go:307.2,307.25 1 1
github.com/linuxdeepin/lastore-daemon/src/dev-tools/iup-tool/utils.go:307.25,309.3 1 1
github.com/linuxdeepin/lastore-daemon/src/dev-tools/iup-tool/utils.go:311.2,311.46 1 1
github.com/linuxdeepin/lastore-daemon/src/internal/querydesktop/desktopfile.go:26.34,28.2 1 1
github.com/linuxdeepin/lastore-daemon/src/internal/querydesktop/desktopfile.go:29.39,31.2 1 1
github.com/linuxdeepin/lastore-daemon/src/internal/querydesktop/desktopfile.go:32.44,34.14 2 1
github.com/linuxdeepin/lastore-daemon/src/internal/querydesktop/desktopfile.go:34.14,36.3 1 0
github.com/linuxdeepin/lastore-daemon/src/internal/querydesktop/desktopfile.go:37.2,37.16 1 1
github.com/linuxdeepin/lastore-daemon/src/internal/querydesktop/desktopfile.go:40.41,41.24 1 1
github.com/linuxdeepin/lastore-daemon/src/internal/querydesktop/desktopfile.go:41.24,43.3 1 0
github.com/linuxdeepin/lastore-daemon/src/internal/querydesktop/desktopfile.go:44.2,45.34 2 1
github.com/linuxdeepin/lastore-daemon/src/internal/querydesktop/desktopfile.go:48.41,51.16 3 1
github.com/linuxdeepin/lastore-daemon/src/internal/querydesktop/desktopfile.go:51.16,53.3 1 0
github.com/linuxdeepin/lastore-daemon/src/internal/querydesktop/desktopfile.go:55.2,56.41 2 1
github.com/linuxdeepin/lastore-daemon/src/internal/querydesktop/desktopfile.go:56.41,58.3 1 1
github.com/linuxdeepin/lastore-daemon/src/internal/querydesktop/desktopfile.go:60.2,63.41 2 1
github.com/linuxdeepin/lastore-daemon/src/internal/querydesktop/desktopfile.go:63.41,65.3 1 0
github.com/linuxdeepin/lastore-daemon/src/internal/querydesktop/desktopfile.go:66.2,66.50 1 1
github.com/linuxdeepin/lastore-daemon/src/internal/querydesktop/desktopfile.go:66.50,68.3 1 1
github.com/linuxdeepin/lastore-daemon/src/internal/querydesktop/desktopfile.go:68.8,70.3 1 0
github.com/linuxdeepin/lastore-daemon/src/internal/querydesktop/desktopfile.go:72.2,72.42 1 1
github.com/linuxdeepin/lastore-daemon/src/internal/querydesktop/desktopfile.go:72.42,74.3 1 0
github.com/linuxdeepin/lastore-daemon/src/internal/querydesktop/desktopfile.go:75.2,75.51 1 1
github.com/linuxdeepin/lastore-daemon/src/internal/querydesktop/desktopfile.go:75.51,77.3 1 1
github.com/linuxdeepin/lastore-daemon/src/internal/querydesktop/desktopfile.go:78.2,78.48 1 1
github.com/linuxdeepin/lastore-daemon/src/internal/querydesktop/desktopfile.go:78.48,80.3 1 1
github.com/linuxdeepin/lastore-daemon/src/internal/querydesktop/desktopfile.go:81.2,81.39 1 1
github.com/linuxdeepin/lastore-daemon/src/internal/querydesktop/desktopfile.go:81.39,83.3 1 1
github.com/linuxdeepin/lastore-daemon/src/internal/querydesktop/desktopfile.go:83.8,85.3 1 0
github.com/linuxdeepin/lastore-daemon/src/internal/querydesktop/desktopfile.go:87.2,87.49 1 1
github.com/linuxdeepin/lastore-daemon/src/internal/querydesktop/desktopfile.go:87.49,89.3 1 0
github.com/linuxdeepin/lastore-daemon/src/internal/querydesktop/desktopfile.go:94.2,102.69 2 1
github.com/linuxdeepin/lastore-daemon/src/internal/querydesktop/desktopfile.go:102.69,104.3 1 1
github.com/linuxdeepin/lastore-daemon/src/internal/querydesktop/desktopfile.go:105.2,105.24 1 1
github.com/linuxdeepin/lastore-daemon/src/internal/querydesktop/desktopfile.go:105.24,106.35 1 1
github.com/linuxdeepin/lastore-daemon/src/internal/querydesktop/desktopfile.go:106.35,108.4 1 0
github.com/linuxdeepin/lastore-daemon/src/internal/querydesktop/desktopfile.go:113.2,113.44 1 1
github.com/linuxdeepin/lastore-daemon/src/internal/querydesktop/desktopfile.go:113.44,115.3 1 0
github.com/linuxdeepin/lastore-daemon/src/internal/querydesktop/desktopfile.go:116.2,116.52 1 1
github.com/linuxdeepin/lastore-daemon/src/internal/querydesktop/desktopfile.go:116.52,118.3 1 0
github.com/linuxdeepin/lastore-daemon/src/internal/querydesktop/desktopfile.go:119.2,119.42 1 1
github.com/linuxdeepin/lastore-daemon/src/internal/querydesktop/desktopfile.go:119.42,121.3 1 0
github.com/linuxdeepin/lastore-daemon/src/internal/querydesktop/desktopfile.go:122.2,122.45 1 1
github.com/linuxdeepin/lastore-daemon/src/internal/querydesktop/desktopfile.go:122.45,124.3 1 0
github.com/linuxdeepin/lastore-daemon/src/internal/querydesktop/desktopfile.go:125.2,125.42 1 1
github.com/linuxdeepin/lastore-daemon/src/internal/querydesktop/desktopfile.go:125.42,127.3 1 0
github.com/linuxdeepin/lastore-daemon/src/internal/querydesktop/desktopfile.go:130.2,130.14 1 1
github.com/linuxdeepin/lastore-daemon/src/internal/querydesktop/desktopfile.go:141.42,142.49 1 0
github.com/linuxdeepin/lastore-daemon/src/internal/querydesktop/desktopfile.go:142.49,145.28 3 0
github.com/linuxdeepin/lastore-daemon/src/internal/querydesktop/desktopfile.go:145.28,147.58 2 0
github.com/linuxdeepin/lastore-daemon/src/internal/querydesktop/desktopfile.go:147.58,149.40 2 0
github.com/linuxdeepin/lastore-daemon/src/internal/querydesktop/desktopfile.go:149.40,151.6 1 0
github.com/linuxdeepin/lastore-daemon/src/internal/querydesktop/desktopfile.go:156.3,156.28 1 0
github.com/linuxdeepin/lastore-daemon/src/internal/querydesktop/desktopfile.go:156.28,157.18 1 0
github.com/linuxdeepin/lastore-daemon/src/internal/querydesktop/desktopfile.go:157.18,158.13 1 0
github.com/linuxdeepin/lastore-daemon/src/internal/querydesktop/desktopfile.go:160.4,163.18 4 0
github.com/linuxdeepin/lastore-daemon/src/internal/querydesktop/desktopfile.go:163.18,164.13 1 0
github.com/linuxdeepin/lastore-daemon/src/internal/querydesktop/desktopfile.go:166.4,168.55 2 0
github.com/linuxdeepin/lastore-daemon/src/internal/querydesktop/desktopfile.go:168.55,170.5 1 0
github.com/linuxdeepin/lastore-daemon/src/internal/querydesktop/desktopfile.go:174.2,176.15 3 0
github.com/linuxdeepin/lastore-daemon/src/internal/querydesktop/desktopfile.go:176.15,178.3 1 0
github.com/linuxdeepin/lastore-daemon/src/internal/querydesktop/desktopfile.go:179.2,179.12 1 0
github.com/linuxdeepin/lastore-daemon/src/internal/querydesktop/dpkg.go:17.62,21.26 4 0
github.com/linuxdeepin/lastore-daemon/src/internal/querydesktop/dpkg.go:21.26,22.53 1 0
github.com/linuxdeepin/lastore-daemon/src/internal/querydesktop/dpkg.go:22.53,23.40 1 0
github.com/linuxdeepin/lastore-daemon/src/internal/querydesktop/dpkg.go:23.40,26.5 2 0
github.com/linuxdeepin/lastore-daemon/src/internal/querydesktop/dpkg.go:27.4,27.40 1 0
github.com/linuxdeepin/lastore-daemon/src/internal/querydesktop/dpkg.go:27.40,29.5 1 0
github.com/linuxdeepin/lastore-daemon/src/internal/querydesktop/dpkg.go:32.2,32.41 1 0
github.com/linuxdeepin/lastore-daemon/src/internal/querydesktop/dpkg.go:42.99,44.16 2 0
github.com/linuxdeepin/lastore-daemon/src/internal/querydesktop/dpkg.go:44.16,47.3 2 0
github.com/linuxdeepin/lastore-daemon/src/internal/querydesktop/dpkg.go:49.2,49.12 1 0
github.com/linuxdeepin/lastore-daemon/src/internal/querydesktop/dpkg.go:49.12,51.60 2 0
github.com/linuxdeepin/lastore-daemon/src/internal/querydesktop/dpkg.go:51.60,52.27 1 0
github.com/linuxdeepin/lastore-daemon/src/internal/querydesktop/dpkg.go:52.27,53.13 1 0
github.com/linuxdeepin/lastore-daemon/src/internal/querydesktop/dpkg.go:56.4,56.40 1 0
github.com/linuxdeepin/lastore-daemon/src/internal/querydesktop/dpkg.go:56.40,57.13 1 0
github.com/linuxdeepin/lastore-daemon/src/internal/querydesktop/dpkg.go:60.4,61.11 2 0
github.com/linuxdeepin/lastore-daemon/src/internal/querydesktop/dpkg.go:62.18,63.11 1 0
github.com/linuxdeepin/lastore-daemon/src/internal/querydesktop/dpkg.go:64.17,64.17 0 0
github.com/linuxdeepin/lastore-daemon/src/internal/querydesktop/dpkg.go:67.4,67.59 1 0
github.com/linuxdeepin/lastore-daemon/src/internal/querydesktop/dpkg.go:67.59,69.12 2 0
github.com/linuxdeepin/lastore-daemon/src/internal/querydesktop/dpkg.go:70.19,71.12 1 0
github.com/linuxdeepin/lastore-daemon/src/internal/querydesktop/dpkg.go:72.18,72.18 0 0
github.com/linuxdeepin/lastore-daemon/src/internal/querydesktop/dpkg.go:78.2,78.11 1 0
github.com/linuxdeepin/lastore-daemon/src/internal/querydesktop/dpkg.go:81.44,83.60 2 0
github.com/linuxdeepin/lastore-daemon/src/internal/querydesktop/dpkg.go:83.60,84.39 1 0
github.com/linuxdeepin/lastore-daemon/src/internal/querydesktop/dpkg.go:84.39,86.4 1 0
github.com/linuxdeepin/lastore-daemon/src/internal/querydesktop/dpkg.go:88.2,88.12 1 0
github.com/linuxdeepin/lastore-daemon/src/internal/querydesktop/dpkg.go:91.44,92.20 1 0
github.com/linuxdeepin/lastore-daemon/src/internal/querydesktop/dpkg.go:92.20,94.3 1 0
github.com/linuxdeepin/lastore-daemon/src/internal/querydesktop/dpkg.go:95.2,96.16 2 0
github.com/linuxdeepin/lastore-daemon/src/internal/querydesktop/dpkg.go:96.16,98.3 1 0
github.com/linuxdeepin/lastore-daemon/src/internal/querydesktop/dpkg.go:99.2,99.31 1 0
github.com/linuxdeepin/lastore-daemon/src/internal/querydesktop/dpkg.go:102.47,104.9 2 0
github.com/linuxdeepin/lastore-daemon/src/internal/querydesktop/dpkg.go:104.9,106.3 1 0
github.com/linuxdeepin/lastore-daemon/src/internal/querydesktop/dpkg.go:107.2,107.21 1 0
github.com/linuxdeepin/lastore-daemon/src/internal/querydesktop/dpkg.go:113.15,115.2 1 1
github.com/linuxdeepin/lastore-daemon/src/internal/querydesktop/dpkg.go:117.63,121.16 4 1
github.com/linuxdeepin/lastore-daemon/src/internal/querydesktop/dpkg.go:121.16,123.3 1 0
github.com/linuxdeepin/lastore-daemon/src/internal/querydesktop/dpkg.go:125.2,125.46 1 1
github.com/linuxdeepin/lastore-daemon/src/internal/querydesktop/dpkg.go:125.46,128.22 3 1
github.com/linuxdeepin/lastore-daemon/src/internal/querydesktop/dpkg.go:129.10,131.13 2 1
github.com/linuxdeepin/lastore-daemon/src/internal/querydesktop/dpkg.go:132.10,134.19 2 1
github.com/linuxdeepin/lastore-daemon/src/internal/querydesktop/dpkg.go:135.10,137.19 2 1
github.com/linuxdeepin/lastore-daemon/src/internal/querydesktop/dpkg.go:138.11,139.12 1 0
github.com/linuxdeepin/lastore-daemon/src/internal/querydesktop/dpkg.go:141.3,142.35 2 1
github.com/linuxdeepin/lastore-daemon/src/internal/querydesktop/dpkg.go:144.2,144.17 1 1
github.com/linuxdeepin/lastore-daemon/src/internal/system/command.go:77.35,80.2 1 1
github.com/linuxdeepin/lastore-daemon/src/internal/system/command.go:82.55,83.22 1 1
github.com/linuxdeepin/lastore-daemon/src/internal/system/command.go:83.22,85.3 1 1
github.com/linuxdeepin/lastore-daemon/src/internal/system/command.go:87.2,88.35 2 1
github.com/linuxdeepin/lastore-daemon/src/internal/system/command.go:88.35,90.21 2 1
github.com/linuxdeepin/lastore-daemon/src/internal/system/command.go:90.21,92.4 1 1
github.com/linuxdeepin/lastore-daemon/src/internal/system/command.go:96.2,96.36 1 1
github.com/linuxdeepin/lastore-daemon/src/internal/system/command.go:96.36,97.31 1 1
github.com/linuxdeepin/lastore-daemon/src/internal/system/command.go:97.31,99.4 1 1
github.com/linuxdeepin/lastore-daemon/src/internal/system/command.go:102.2,103.33 2 1
github.com/linuxdeepin/lastore-daemon/src/internal/system/command.go:103.33,105.3 1 1
github.com/linuxdeepin/lastore-daemon/src/internal/system/command.go:107.2,107.25 1 1
github.com/linuxdeepin/lastore-daemon/src/internal/system/command.go:110.33,113.16 3 0
github.com/linuxdeepin/lastore-daemon/src/internal/system/command.go:113.16,115.3 1 0
github.com/linuxdeepin/lastore-daemon/src/internal/system/command.go:117.2,117.15 1 0
github.com/linuxdeepin/lastore-daemon/src/internal/system/command.go:117.15,119.3 1 0
github.com/linuxdeepin/lastore-daemon/src/internal/system/command.go:121.2,122.16 2 0
github.com/linuxdeepin/lastore-daemon/src/internal/system/command.go:122.16,125.3 2 0
github.com/linuxdeepin/lastore-daemon/src/internal/system/command.go:127.2,142.16 10 0
github.com/linuxdeepin/lastore-daemon/src/internal/system/command.go:142.16,147.3 4 0
github.com/linuxdeepin/lastore-daemon/src/internal/system/command.go:149.2,154.12 4 0
github.com/linuxdeepin/lastore-daemon/src/internal/system/command.go:154.12,156.3 1 0
github.com/linuxdeepin/lastore-daemon/src/internal/system/command.go:158.2,158.12 1 0
github.com/linuxdeepin/lastore-daemon/src/internal/system/command.go:161.38,163.29 2 0
github.com/linuxdeepin/lastore-daemon/src/internal/system/command.go:163.29,164.17 1 0
github.com/linuxdeepin/lastore-daemon/src/internal/system/command.go:164.17,167.4 2 0
github.com/linuxdeepin/lastore-daemon/src/internal/system/command.go:167.9,169.4 1 0
github.com/linuxdeepin/lastore-daemon/src/internal/system/command.go:171.2,172.12 2 0
github.com/linuxdeepin/lastore-daemon/src/internal/system/command.go:181.28,183.16 2 0
github.com/linuxdeepin/lastore-daemon/src/internal/system/command.go:183.16,185.3 1 0
github.com/linuxdeepin/lastore-daemon/src/internal/system/command.go:187.2,188.16 2 0
github.com/linuxdeepin/lastore-daemon/src/internal/system/command.go:188.16,190.3 1 0
github.com/linuxdeepin/lastore-daemon/src/internal/system/command.go:192.2,193.16 2 0
github.com/linuxdeepin/lastore-daemon/src/internal/system/command.go:193.16,195.3 1 0
github.com/linuxdeepin/lastore-daemon/src/internal/system/command.go:197.2,198.20 2 0
github.com/linuxdeepin/lastore-daemon/src/internal/system/command.go:199.19,200.24 1 0
github.com/linuxdeepin/lastore-daemon/src/internal/system/command.go:201.19,202.23 1 0
github.com/linuxdeepin/lastore-daemon/src/internal/system/command.go:203.17,204.23 1 0
github.com/linuxdeepin/lastore-daemon/src/internal/system/command.go:205.10,206.24 1 0
github.com/linuxdeepin/lastore-daemon/src/internal/system/command.go:209.2,218.23 5 0
github.com/linuxdeepin/lastore-daemon/src/internal/system/command.go:218.23,220.19 2 0
github.com/linuxdeepin/lastore-daemon/src/internal/system/command.go:220.19,222.4 1 0
github.com/linuxdeepin/lastore-daemon/src/internal/system/command.go:225.2,225.20 1 0
github.com/linuxdeepin/lastore-daemon/src/internal/system/command.go:226.19,232.5 1 0
github.com/linuxdeepin/lastore-daemon/src/internal/system/command.go:233.19,235.79 1 0
github.com/linuxdeepin/lastore-daemon/src/internal/system/command.go:235.79,247.4 2 0
github.com/linuxdeepin/lastore-daemon/src/internal/system/command.go:247.9,256.4 1 0
github.com/linuxdeepin/lastore-daemon/src/internal/system/command.go:258.17,264.5 1 0
github.com/linuxdeepin/lastore-daemon/src/internal/system/command.go:268.91,288.2 6 0
github.com/linuxdeepin/lastore-daemon/src/internal/system/command.go:290.33,292.2 1 0
github.com/linuxdeepin/lastore-daemon/src/internal/system/command.go:294.43,296.2 1 0
github.com/linuxdeepin/lastore-daemon/src/internal/system/command.go:298.48,299.18 1 0
github.com/linuxdeepin/lastore-daemon/src/internal/system/command.go:299.18,302.27 3 0
github.com/linuxdeepin/lastore-daemon/src/internal/system/command.go:302.27,304.4 1 0
github.com/linuxdeepin/lastore-daemon/src/internal/system/command.go:306.3,307.17 2 0
github.com/linuxdeepin/lastore-daemon/src/internal/system/command.go:307.17,309.4 1 0
github.com/linuxdeepin/lastore-daemon/src/internal/system/command.go:309.9,311.4 1 0
github.com/linuxdeepin/lastore-daemon/src/internal/system/command.go:312.3,314.17 3 0
github.com/linuxdeepin/lastore-daemon/src/internal/system/command.go:314.17,316.4 1 0
github.com/linuxdeepin/lastore-daemon/src/internal/system/command.go:317.3,317.32 1 0
github.com/linuxdeepin/lastore-daemon/src/internal/system/command.go:319.2,319.24 1 0
github.com/linuxdeepin/lastore-daemon/src/internal/system/command.go:322.36,324.6 2 0
github.com/linuxdeepin/lastore-daemon/src/internal/system/command.go:324.6,326.17 2 0
github.com/linuxdeepin/lastore-daemon/src/internal/system/command.go:326.17,328.4 1 0
github.com/linuxdeepin/lastore-daemon/src/internal/system/command.go:330.3,331.17 2 0
github.com/linuxdeepin/lastore-daemon/src/internal/system/command.go:331.17,337.12 3 0
github.com/linuxdeepin/lastore-daemon/src/internal/system/command.go:339.3,341.20 3 0
github.com/linuxdeepin/lastore-daemon/src/internal/system/command.go:345.34,347.6 2 0
github.com/linuxdeepin/lastore-daemon/src/internal/system/command.go:347.6,349.17 2 0
github.com/linuxdeepin/lastore-daemon/src/internal/system/command.go:349.17,351.4 1 0
github.com/linuxdeepin/lastore-daemon/src/internal/system/command.go:353.3,353.43 1 0
github.com/linuxdeepin/lastore-daemon/src/internal/system/command.go:353.43,355.18 2 0
github.com/linuxdeepin/lastore-daemon/src/internal/system/command.go:355.18,357.13 2 0
github.com/linuxdeepin/lastore-daemon/src/internal/system/command.go:359.4,359.37 1 0
github.com/linuxdeepin/lastore-daemon/src/internal/system/common.go:53.34,55.86 2 1
github.com/linuxdeepin/lastore-daemon/src/internal/system/common.go:55.86,57.13 2 1
github.com/linuxdeepin/lastore-daemon/src/internal/system/common.go:57.13,59.4 1 1
github.com/linuxdeepin/lastore-daemon/src/internal/system/common.go:60.3,60.36 1 1
github.com/linuxdeepin/lastore-daemon/src/internal/system/common.go:64.52,67.16 2 1
github.com/linuxdeepin/lastore-daemon/src/internal/system/common.go:67.16,69.3 1 1
github.com/linuxdeepin/lastore-daemon/src/internal/system/common.go:70.2,70.15 1 1
github.com/linuxdeepin/lastore-daemon/src/internal/system/common.go:70.15,72.3 1 1
github.com/linuxdeepin/lastore-daemon/src/internal/system/common.go:74.2,74.38 1 1
github.com/linuxdeepin/lastore-daemon/src/internal/system/common.go:77.52,79.16 2 1
github.com/linuxdeepin/lastore-daemon/src/internal/system/common.go:79.16,81.3 1 1
github.com/linuxdeepin/lastore-daemon/src/internal/system/common.go:82.2,82.15 1 1
github.com/linuxdeepin/lastore-daemon/src/internal/system/common.go:82.15,84.3 1 1
github.com/linuxdeepin/lastore-daemon/src/internal/system/common.go:86.2,86.37 1 1
github.com/linuxdeepin/lastore-daemon/src/internal/system/common.go:89.42,91.16 2 1
github.com/linuxdeepin/lastore-daemon/src/internal/system/common.go:91.16,93.3 1 1
github.com/linuxdeepin/lastore-daemon/src/internal/system/common.go:94.2,94.18 1 1
github.com/linuxdeepin/lastore-daemon/src/internal/system/common.go:94.18,96.3 1 1
github.com/linuxdeepin/lastore-daemon/src/internal/system/common.go:97.2,97.13 1 1
github.com/linuxdeepin/lastore-daemon/src/internal/system/common.go:117.39,119.2 1 1
github.com/linuxdeepin/lastore-daemon/src/internal/system/common.go:173.55,175.10 2 0
github.com/linuxdeepin/lastore-daemon/src/internal/system/common.go:175.10,177.3 1 0
github.com/linuxdeepin/lastore-daemon/src/internal/system/common.go:178.2,183.16 4 0
github.com/linuxdeepin/lastore-daemon/src/internal/system/common.go:183.16,185.3 1 0
github.com/linuxdeepin/lastore-daemon/src/internal/system/common.go:232.26,234.16 2 0
github.com/linuxdeepin/lastore-daemon/src/internal/system/common.go:234.16,236.3 1 0
github.com/linuxdeepin/lastore-daemon/src/internal/system/common.go:238.2,238.28 1 0
github.com/linuxdeepin/lastore-daemon/src/internal/system/common.go:238.28,240.3 1 0
github.com/linuxdeepin/lastore-daemon/src/internal/system/common.go:241.2,242.16 2 0
github.com/linuxdeepin/lastore-daemon/src/internal/system/common.go:242.16,245.3 2 0
github.com/linuxdeepin/lastore-daemon/src/internal/system/common.go:246.2,248.16 3 0
github.com/linuxdeepin/lastore-daemon/src/internal/system/common.go:248.16,251.3 2 0
github.com/linuxdeepin/lastore-daemon/src/internal/system/common.go:252.2,252.83 1 0
github.com/linuxdeepin/lastore-daemon/src/internal/system/common.go:252.83,254.3 1 0
github.com/linuxdeepin/lastore-daemon/src/internal/system/common.go:255.2,255.14 1 0
github.com/linuxdeepin/lastore-daemon/src/internal/system/common.go:258.31,260.16 2 0
github.com/linuxdeepin/lastore-daemon/src/internal/system/common.go:260.16,263.3 2 0
github.com/linuxdeepin/lastore-daemon/src/internal/system/common.go:264.2,266.16 3 0
github.com/linuxdeepin/lastore-daemon/src/internal/system/common.go:266.16,269.3 2 0
github.com/linuxdeepin/lastore-daemon/src/internal/system/common.go:270.2,270.38 1 0
github.com/linuxdeepin/lastore-daemon/src/internal/system/common.go:273.41,276.16 2 1
github.com/linuxdeepin/lastore-daemon/src/internal/system/common.go:276.16,279.3 2 1
github.com/linuxdeepin/lastore-daemon/src/internal/system/common.go:280.2,280.15 1 1
github.com/linuxdeepin/lastore-daemon/src/internal/system/common.go:280.15,282.3 1 1
github.com/linuxdeepin/lastore-daemon/src/internal/system/common.go:284.2,292.16 3 1
github.com/linuxdeepin/lastore-daemon/src/internal/system/common.go:292.16,295.3 2 0
github.com/linuxdeepin/lastore-daemon/src/internal/system/common.go:297.2,297.36 1 1
github.com/linuxdeepin/lastore-daemon/src/internal/system/common.go:297.36,299.3 1 0
github.com/linuxdeepin/lastore-daemon/src/internal/system/common.go:301.2,301.18 1 1
github.com/linuxdeepin/lastore-daemon/src/internal/system/common.go:304.39,307.16 3 0
github.com/linuxdeepin/lastore-daemon/src/internal/system/common.go:307.16,309.3 1 0
github.com/linuxdeepin/lastore-daemon/src/internal/system/common.go:310.2,311.16 2 0
github.com/linuxdeepin/lastore-daemon/src/internal/system/common.go:311.16,313.3 1 0
github.com/linuxdeepin/lastore-daemon/src/internal/system/common.go:314.2,314.25 1 0
github.com/linuxdeepin/lastore-daemon/src/internal/system/common.go:318.49,320.16 2 1
github.com/linuxdeepin/lastore-daemon/src/internal/system/common.go:320.16,324.22 4 1
github.com/linuxdeepin/lastore-daemon/src/internal/system/common.go:324.22,325.22 1 1
github.com/linuxdeepin/lastore-daemon/src/internal/system/common.go:325.22,327.10 2 1
github.com/linuxdeepin/lastore-daemon/src/internal/system/common.go:329.4,329.15 1 1
github.com/linuxdeepin/lastore-daemon/src/internal/system/common.go:331.3,334.17 4 1
github.com/linuxdeepin/lastore-daemon/src/internal/system/common.go:334.17,337.4 2 1
github.com/linuxdeepin/lastore-daemon/src/internal/system/common.go:337.9,339.4 1 0
github.com/linuxdeepin/lastore-daemon/src/internal/system/common.go:341.2,341.98 1 0
github.com/linuxdeepin/lastore-daemon/src/internal/system/func.go:15.80,16.22 1 1
github.com/linuxdeepin/lastore-daemon/src/internal/system/func.go:16.22,18.3 1 1
github.com/linuxdeepin/lastore-daemon/src/internal/system/func.go:19.2,23.3 1 1
github.com/linuxdeepin/lastore-daemon/src/internal/system/func.go:27.34,28.17 1 1
github.com/linuxdeepin/lastore-daemon/src/internal/system/func.go:28.17,30.3 1 1
github.com/linuxdeepin/lastore-daemon/src/internal/system/func.go:31.2,31.12 1 1
github.com/linuxdeepin/lastore-daemon/src/internal/system/func.go:31.12,34.3 2 1
github.com/linuxdeepin/lastore-daemon/src/internal/system/func.go:35.2,35.12 1 1
github.com/linuxdeepin/lastore-daemon/src/internal/system/func.go:38.37,39.24 1 1
github.com/linuxdeepin/lastore-daemon/src/internal/system/func.go:39.24,42.3 2 1
github.com/linuxdeepin/lastore-daemon/src/internal/system/func.go:43.2,47.16 2 1
github.com/linuxdeepin/lastore-daemon/src/internal/system/func.go:47.16,59.3 6 1
github.com/linuxdeepin/lastore-daemon/src/internal/system/func.go:61.2,63.23 3 1
github.com/linuxdeepin/lastore-daemon/src/internal/system/system.go:117.44,120.2 1 1
github.com/linuxdeepin/lastore-daemon/src/internal/system/system.go:130.43,132.2 1 1
github.com/linuxdeepin/lastore-daemon/src/internal/system/system.go:136.48,138.2 1 1
github.com/linuxdeepin/lastore-daemon/src/internal/system/system.go:173.37,175.2 1 1
github.com/linuxdeepin/lastore-daemon/src/internal/system/system.go:177.39,179.2 1 1
github.com/linuxdeepin/lastore-daemon/src/internal/system/system.go:181.35,183.2 1 1
github.com/linuxdeepin/lastore-daemon/src/internal/system/system.go:185.34,187.16 2 1
github.com/linuxdeepin/lastore-daemon/src/internal/system/system.go:187.16,189.3 1 1
github.com/linuxdeepin/lastore-daemon/src/internal/system/system.go:190.2,190.26 1 0
github.com/linuxdeepin/lastore-daemon/src/internal/system/system_apt.go:48.51,53.21 1 0
github.com/linuxdeepin/lastore-daemon/src/internal/system/system_apt.go:53.21,53.36 1 0
[...]
github.com/linuxdeepin/lastore-daemon/src/lastore-daemon/updater.go:398.67,400.3 1 0
github.com/linuxdeepin/lastore-daemon/src/lastore-daemon/updater.go:401.2,401.74 1 0
github.com/linuxdeepin/lastore-daemon/src/lastore-daemon/updater.go:404.97,405.67 1 0
github.com/linuxdeepin/lastore-daemon/src/lastore-daemon/updater.go:405.67,407.3 1 0
github.com/linuxdeepin/lastore-daemon/src/lastore-daemon/updater.go:408.2,408.98 1 0
github.com/linuxdeepin/lastore-daemon/src/lastore-daemon/updater.go:411.49,415.2 3 1
github.com/linuxdeepin/lastore-daemon/src/lastore-daemon/updater.go:418.50,424.16 5 0
github.com/linuxdeepin/lastore-daemon/src/lastore-daemon/updater.go:424.16,426.3 1 0
github.com/linuxdeepin/lastore-daemon/src/lastore-daemon/updater.go:427.2,427.12 1 0
github.com/linuxdeepin/lastore-daemon/src/lastore-daemon/updater.go:432.66,435.16 2 0
github.com/linuxdeepin/lastore-daemon/src/lastore-daemon/updater.go:435.16,438.3 1 0
github.com/linuxdeepin/lastore-daemon/src/lastore-daemon/updater.go:441.2,441.16 1 0
github.com/linuxdeepin/lastore-daemon/src/lastore-daemon/updater.go:441.16,443.3 1 0
github.com/linuxdeepin/lastore-daemon/src/lastore-daemon/updater.go:445.2,449.16 3 0
github.com/linuxdeepin/lastore-daemon/src/lastore-daemon/updater.go:449.16,450.38 1 0
github.com/linuxdeepin/lastore-daemon/src/lastore-daemon/updater.go:450.38,452.4 1 0
github.com/linuxdeepin/lastore-daemon/src/lastore-daemon/updater.go:455.2,473.28 6 0
github.com/linuxdeepin/lastore-daemon/src/lastore-daemon/updater.go:473.28,475.3 1 0
github.com/linuxdeepin/lastore-daemon/src/lastore-daemon/updater.go:478.2,479.16 2 0
github.com/linuxdeepin/lastore-daemon/src/lastore-daemon/updater.go:479.16,481.3 1 0
github.com/linuxdeepin/lastore-daemon/src/lastore-daemon/updater.go:482.2,482.18 1 0
github.com/linuxdeepin/lastore-daemon/src/lastore-daemon/updater.go:488.114,489.45 1 0
github.com/linuxdeepin/lastore-daemon/src/lastore-daemon/updater.go:489.45,493.3 2 0
github.com/linuxdeepin/lastore-daemon/src/lastore-daemon/updater.go:495.2,496.16 2 0
github.com/linuxdeepin/lastore-daemon/src/lastore-daemon/updater.go:496.16,498.3 1 0
github.com/linuxdeepin/lastore-daemon/src/lastore-daemon/updater.go:499.2,500.22 2 0
github.com/linuxdeepin/lastore-daemon/src/lastore-daemon/updater.go:500.22,503.3 1 0
github.com/linuxdeepin/lastore-daemon/src/lastore-daemon/updater.go:503.8,506.3 1 0
github.com/linuxdeepin/lastore-daemon/src/lastore-daemon/updater.go:507.2,507.12 1 0
github.com/linuxdeepin/lastore-daemon/src/lastore-daemon/updater.go:517.119,518.16 1 0
github.com/linuxdeepin/lastore-daemon/src/lastore-daemon/updater.go:518.16,520.17 2 0
github.com/linuxdeepin/lastore-daemon/src/lastore-daemon/updater.go:520.17,522.4 1 0
github.com/linuxdeepin/lastore-daemon/src/lastore-daemon/updater.go:525.2,526.15 2 0
github.com/linuxdeepin/lastore-daemon/src/lastore-daemon/updater.go:526.15,528.17 1 0
github.com/linuxdeepin/lastore-daemon/src/lastore-daemon/updater.go:528.17,530.53 2 0
github.com/linuxdeepin/lastore-daemon/src/lastore-daemon/updater.go:530.53,532.5 1 0
github.com/linuxdeepin/lastore-daemon/src/lastore-daemon/updater.go:537.2,538.16 2 0
github.com/linuxdeepin/lastore-daemon/src/lastore-daemon/updater.go:538.16,540.3 1 0
github.com/linuxdeepin/lastore-daemon/src/lastore-daemon/updater.go:541.2,541.13 1 0
github.com/linuxdeepin/lastore-daemon/src/lastore-daemon/updater.go:541.13,544.3 2 0
github.com/linuxdeepin/lastore-daemon/src/lastore-daemon/updater.go:546.2,547.16 2 0
github.com/linuxdeepin/lastore-daemon/src/lastore-daemon/updater.go:547.16,549.3 1 0
github.com/linuxdeepin/lastore-daemon/src/lastore-daemon/updater.go:550.2,550.13 1 0
github.com/linuxdeepin/lastore-daemon/src/lastore-daemon/updater.go:550.13,553.3 2 0
github.com/linuxdeepin/lastore-daemon/src/lastore-daemon/updater.go:556.2,557.44 2 0
github.com/linuxdeepin/lastore-daemon/src/lastore-daemon/updater.go:557.44,559.17 2 0
github.com/linuxdeepin/lastore-daemon/src/lastore-daemon/updater.go:559.17,561.4 1 0
github.com/linuxdeepin/lastore-daemon/src/lastore-daemon/updater.go:562.3,562.14 1 0
github.com/linuxdeepin/lastore-daemon/src/lastore-daemon/updater.go:562.14,565.4 2 0
github.com/linuxdeepin/lastore-daemon/src/lastore-daemon/updater.go:566.8,568.17 2 0
github.com/linuxdeepin/lastore-daemon/src/lastore-daemon/updater.go:568.17,570.4 1 0
github.com/linuxdeepin/lastore-daemon/src/lastore-daemon/updater.go:571.3,571.14 1 0
github.com/linuxdeepin/lastore-daemon/src/lastore-daemon/updater.go:571.14,574.4 2 0
github.com/linuxdeepin/lastore-daemon/src/lastore-daemon/updater.go:577.2,577.12 1 0
github.com/linuxdeepin/lastore-daemon/src/lastore-daemon/updater.go:581.74,585.16 2 0
github.com/linuxdeepin/lastore-daemon/src/lastore-daemon/updater.go:585.16,587.3 1 0
github.com/linuxdeepin/lastore-daemon/src/lastore-daemon/updater.go:589.2,589.29 1 0
github.com/linuxdeepin/lastore-daemon/src/lastore-daemon/updater.go:589.29,591.17 2 0
github.com/linuxdeepin/lastore-daemon/src/lastore-daemon/updater.go:591.17,593.4 1 0
github.com/linuxdeepin/lastore-daemon/src/lastore-daemon/updater.go:596.2,596.30 1 0
github.com/linuxdeepin/lastore-daemon/src/lastore-daemon/updater.go:600.74,603.16 2 0
github.com/linuxdeepin/lastore-daemon/src/lastore-daemon/updater.go:603.16,605.3 1 0
github.com/linuxdeepin/lastore-daemon/src/lastore-daemon/updater.go:607.2,607.29 1 0
github.com/linuxdeepin/lastore-daemon/src/lastore-daemon/updater.go:607.29,609.17 2 0
github.com/linuxdeepin/lastore-daemon/src/lastore-daemon/updater.go:609.17,611.4 1 0
github.com/linuxdeepin/lastore-daemon/src/lastore-daemon/updater.go:614.2,614.30 1 0
github.com/linuxdeepin/lastore-daemon/src/lastore-daemon/updater.go:617.85,621.50 4 0
github.com/linuxdeepin/lastore-daemon/src/lastore-daemon/updater.go:621.50,622.24 1 0
github.com/linuxdeepin/lastore-daemon/src/lastore-daemon/updater.go:622.24,624.25 2 0
github.com/linuxdeepin/lastore-daemon/src/lastore-daemon/updater.go:624.25,626.5 1 0
github.com/linuxdeepin/lastore-daemon/src/lastore-daemon/updater.go:629.2,630.22 2 0
github.com/linuxdeepin/lastore-daemon/src/lastore-daemon/updater.go:633.131,639.50 5 0
github.com/linuxdeepin/lastore-daemon/src/lastore-daemon/updater.go:639.50,640.24 1 0
github.com/linuxdeepin/lastore-daemon/src/lastore-daemon/updater.go:640.24,642.25 2 0
github.com/linuxdeepin/lastore-daemon/src/lastore-daemon/updater.go:642.25,645.5 2 0
github.com/linuxdeepin/lastore-daemon/src/lastore-daemon/updater.go:648.2,649.40 2 0
github.com/linuxdeepin/lastore-daemon/src/lastore-daemon/updater.go:652.57,654.2 1 1
github.com/linuxdeepin/lastore-daemon/src/lastore-daemon/updater.go:656.55,658.16 2 0
github.com/linuxdeepin/lastore-daemon/src/lastore-daemon/updater.go:658.16,660.3 1 0
github.com/linuxdeepin/lastore-daemon/src/lastore-daemon/updater.go:661.2,662.16 2 0
github.com/linuxdeepin/lastore-daemon/src/lastore-daemon/updater.go:662.16,664.3 1 0
github.com/linuxdeepin/lastore-daemon/src/lastore-daemon/updater.go:665.2,665.18 1 0
github.com/linuxdeepin/lastore-daemon/src/lastore-daemon/updater.go:668.61,669.25 1 0
github.com/linuxdeepin/lastore-daemon/src/lastore-daemon/updater.go:669.25,671.3 1 0
github.com/linuxdeepin/lastore-daemon/src/lastore-daemon/updater.go:672.2,672.33 1 0
github.com/linuxdeepin/lastore-daemon/src/lastore-daemon/updater.go:672.33,674.3 1 0
github.com/linuxdeepin/lastore-daemon/src/lastore-daemon/updater.go:675.2,676.12 2 0
github.com/linuxdeepin/lastore-daemon/src/lastore-daemon/updater.go:676.12,678.17 2 0
github.com/linuxdeepin/lastore-daemon/src/lastore-daemon/updater.go:678.17,680.4 1 0
github.com/linuxdeepin/lastore-daemon/src/lastore-daemon/updater.go:681.3,682.17 2 0
github.com/linuxdeepin/lastore-daemon/src/lastore-daemon/updater.go:682.17,684.4 1 0
github.com/linuxdeepin/lastore-daemon/src/lastore-daemon/updater.go:685.8,687.17 2 0
github.com/linuxdeepin/lastore-daemon/src/lastore-daemon/updater.go:687.17,689.4 1 0
github.com/linuxdeepin/lastore-daemon/src/lastore-daemon/updater.go:690.3,691.17 2 0
github.com/linuxdeepin/lastore-daemon/src/lastore-daemon/updater.go:691.17,693.4 1 0
github.com/linuxdeepin/lastore-daemon/src/lastore-daemon/updater.go:695.2,696.12 2 0
github.com/linuxdeepin/lastore-daemon/src/lastore-daemon/updater_ifc.go:18.120,20.64 2 0
github.com/linuxdeepin/lastore-daemon/src/lastore-daemon/updater_ifc.go:20.64,22.3 1 0
github.com/linuxdeepin/lastore-daemon/src/lastore-daemon/updater_ifc.go:23.2,25.8 3 0
github.com/linuxdeepin/lastore-daemon/src/lastore-daemon/updater_ifc.go:28.84,30.64 2 0
github.com/linuxdeepin/lastore-daemon/src/lastore-daemon/updater_ifc.go:30.64,32.3 1 0
github.com/linuxdeepin/lastore-daemon/src/lastore-daemon/updater_ifc.go:33.2,33.34 1 0
github.com/linuxdeepin/lastore-daemon/src/lastore-daemon/updater_ifc.go:33.34,35.3 1 0
github.com/linuxdeepin/lastore-daemon/src/lastore-daemon/updater_ifc.go:38.2,39.16 2 0
github.com/linuxdeepin/lastore-daemon/src/lastore-daemon/updater_ifc.go:39.16,41.3 1 0
github.com/linuxdeepin/lastore-daemon/src/lastore-daemon/updater_ifc.go:43.2,45.12 3 0
github.com/linuxdeepin/lastore-daemon/src/lastore-daemon/updater_ifc.go:48.87,50.64 2 0
github.com/linuxdeepin/lastore-daemon/src/lastore-daemon/updater_ifc.go:50.64,52.3 1 0
github.com/linuxdeepin/lastore-daemon/src/lastore-daemon/updater_ifc.go:53.2,53.59 1 0
github.com/linuxdeepin/lastore-daemon/src/lastore-daemon/updater_ifc.go:56.61,57.37 1 0
github.com/linuxdeepin/lastore-daemon/src/lastore-daemon/updater_ifc.go:57.37,59.3 1 0
github.com/linuxdeepin/lastore-daemon/src/lastore-daemon/updater_ifc.go:60.2,63.66 4 0
github.com/linuxdeepin/lastore-daemon/src/lastore-daemon/updater_ifc.go:63.66,66.17 3 0
github.com/linuxdeepin/lastore-daemon/src/lastore-daemon/updater_ifc.go:66.17,68.4 1 0
github.com/linuxdeepin/lastore-daemon/src/lastore-daemon/updater_ifc.go:68.9,70.18 2 0
github.com/linuxdeepin/lastore-daemon/src/lastore-daemon/updater_ifc.go:70.18,72.5 1 0
github.com/linuxdeepin/lastore-daemon/src/lastore-daemon/updater_ifc.go:76.2,77.16 2 0
github.com/linuxdeepin/lastore-daemon/src/lastore-daemon/updater_ifc.go:77.16,79.3 1 0
github.com/linuxdeepin/lastore-daemon/src/lastore-daemon/updater_ifc.go:81.2,83.12 3 0
github.com/linuxdeepin/lastore-daemon/src/lastore-daemon/updater_ifc.go:86.127,88.64 2 0
github.com/linuxdeepin/lastore-daemon/src/lastore-daemon/updater_ifc.go:88.64,90.3 1 0
github.com/linuxdeepin/lastore-daemon/src/lastore-daemon/updater_ifc.go:91.2,91.39 1 0
github.com/linuxdeepin/lastore-daemon/src/lastore-daemon/updater_ifc.go:95.78,100.16 3 0
github.com/linuxdeepin/lastore-daemon/src/lastore-daemon/updater_ifc.go:100.16,102.3 1 0
github.com/linuxdeepin/lastore-daemon/src/lastore-daemon/updater_ifc.go:104.2,104.48 1 0
github.com/linuxdeepin/lastore-daemon/src/lastore-daemon/updater_ifc.go:107.80,109.64 2 0
github.com/linuxdeepin/lastore-daemon/src/lastore-daemon/updater_ifc.go:109.64,111.3 1 0
github.com/linuxdeepin/lastore-daemon/src/lastore-daemon/updater_ifc.go:112.2,112.30 1 0
github.com/linuxdeepin/lastore-daemon/src/lastore-daemon/updater_ifc.go:112.30,114.3 1 0
github.com/linuxdeepin/lastore-daemon/src/lastore-daemon/updater_ifc.go:115.2,116.16 2 0
github.com/linuxdeepin/lastore-daemon/src/lastore-daemon/updater_ifc.go:116.16,118.3 1 0
github.com/linuxdeepin/lastore-daemon/src/lastore-daemon/updater_ifc.go:119.2,123.12 3 0
github.com/linuxdeepin/lastore-daemon/src/lastore-daemon/updater_ifc.go:127.92,128.64 1 0
github.com/linuxdeepin/lastore-daemon/src/lastore-daemon/updater_ifc.go:128.64,130.3 1 0
github.com/linuxdeepin/lastore-daemon/src/lastore-daemon/updater_ifc.go:131.2,131.62 1 0
github.com/linuxdeepin/lastore-daemon/src/lastore-daemon/updater_ifc.go:134.66,137.16 3 0
github.com/linuxdeepin/lastore-daemon/src/lastore-daemon/updater_ifc.go:137.16,140.3 2 0
github.com/linuxdeepin/lastore-daemon/src/lastore-daemon/updater_ifc.go:142.2,144.41 3 0
github.com/linuxdeepin/lastore-daemon/src/lastore-daemon/updater_ifc.go:144.41,145.69 1 0
github.com/linuxdeepin/lastore-daemon/src/lastore-daemon/updater_ifc.go:145.69,150.18 5 0
github.com/linuxdeepin/lastore-daemon/src/lastore-daemon/updater_ifc.go:150.18,153.5 2 0
github.com/linuxdeepin/lastore-daemon/src/lastore-daemon/updater_ifc.go:154.4,155.15 2 0
github.com/linuxdeepin/lastore-daemon/src/lastore-daemon/updater_ifc.go:155.15,157.19 2 0
github.com/linuxdeepin/lastore-daemon/src/lastore-daemon/updater_ifc.go:157.19,160.6 2 0
github.com/linuxdeepin/lastore-daemon/src/lastore-daemon/updater_ifc.go:161.5,162.19 2 0
github.com/linuxdeepin/lastore-daemon/src/lastore-daemon/updater_ifc.go:162.19,165.6 2 0
github.com/linuxdeepin/lastore-daemon/src/lastore-daemon/updater_ifc.go:168.8,173.3 3 0
github.com/linuxdeepin/lastore-daemon/src/lastore-daemon/updater_ifc.go:174.2,175.12 2 0
github.com/linuxdeepin/lastore-daemon/src/lastore-daemon/updater_ifc.go:178.93,179.64 1 0
github.com/linuxdeepin/lastore-daemon/src/lastore-daemon/updater_ifc.go:179.64,181.3 1 0
github.com/linuxdeepin/lastore-daemon/src/lastore-daemon/updater_ifc.go:182.2,183.77 2 0
github.com/linuxdeepin/lastore-daemon/src/lastore-daemon/updater_ifc.go:183.77,186.3 2 0
github.com/linuxdeepin/lastore-daemon/src/lastore-daemon/updater_ifc.go:187.2,187.54 1 0
github.com/linuxdeepin/lastore-daemon/src/lastore-daemon/updater_ifc.go:187.54,190.3 1 0
github.com/linuxdeepin/lastore-daemon/src/lastore-daemon/updater_ifc.go:192.2,193.64 2 0
github.com/linuxdeepin/lastore-daemon/src/lastore-daemon/updater_ifc.go:193.64,196.3 2 0
github.com/linuxdeepin/lastore-daemon/src/lastore-daemon/updater_ifc.go:197.2,197.12 1 0
github.com/linuxdeepin/lastore-daemon/src/lastore-daemon/updater_ifc.go:200.88,206.16 5 0
github.com/linuxdeepin/lastore-daemon/src/lastore-daemon/updater_ifc.go:206.16,210.3 3 0
github.com/linuxdeepin/lastore-daemon/src/lastore-daemon/updater_ifc.go:211.2,212.14 2 0
github.com/linuxdeepin/lastore-daemon/src/lastore-daemon/updater_ifc.go:212.14,215.3 2 0
github.com/linuxdeepin/lastore-daemon/src/lastore-daemon/updater_ifc.go:217.2,217.41 1 0
github.com/linuxdeepin/lastore-daemon/src/lastore-daemon/updater_ifc.go:217.41,220.3 2 0
github.com/linuxdeepin/lastore-daemon/src/lastore-daemon/updater_ifc.go:221.2,222.68 2 0
github.com/linuxdeepin/lastore-daemon/src/lastore-daemon/updater_ifc.go:222.68,224.56 2 0
github.com/linuxdeepin/lastore-daemon/src/lastore-daemon/updater_ifc.go:224.56,226.79 2 0
github.com/linuxdeepin/lastore-daemon/src/lastore-daemon/updater_ifc.go:226.79,228.5 1 0
github.com/linuxdeepin/lastore-daemon/src/lastore-daemon/updater_ifc.go:229.9,231.74 2 0
github.com/linuxdeepin/lastore-daemon/src/lastore-daemon/updater_ifc.go:231.74,233.5 1 0
github.com/linuxdeepin/lastore-daemon/src/lastore-daemon/updater_ifc.go:235.3,236.21 2 0
github.com/linuxdeepin/lastore-daemon/src/lastore-daemon/updater_ifc.go:239.2,240.12 2 0
github.com/linuxdeepin/lastore-daemon/src/lastore-daemon/updater_ifc.go:243.83,245.12 2 0
github.com/linuxdeepin/lastore-daemon/src/lastore-daemon/updater_ifc.go:245.12,247.3 1 0
github.com/linuxdeepin/lastore-daemon/src/lastore-daemon/updater_ifc.go:247.8,249.3 1 0
github.com/linuxdeepin/lastore-daemon/src/lastore-daemon/updater_ifc.go:250.2,251.16 2 0
github.com/linuxdeepin/lastore-daemon/src/lastore-daemon/updater_ifc.go:251.16,254.3 2 0
github.com/linuxdeepin/lastore-daemon/src/lastore-daemon/updater_ifc.go:255.2,256.16 2 0
github.com/linuxdeepin/lastore-daemon/src/lastore-daemon/updater_ifc.go:256.16,259.3 2 0
github.com/linuxdeepin/lastore-daemon/src/lastore-daemon/updater_ifc.go:261.2,261.69 1 0
github.com/linuxdeepin/lastore-daemon/src/lastore-daemon/updater_ifc.go:261.69,263.52 1 0
github.com/linuxdeepin/lastore-daemon/src/lastore-daemon/updater_ifc.go:263.52,265.4 1 0
github.com/linuxdeepin/lastore-daemon/src/lastore-daemon/updater_ifc.go:267.2,267.12 1 0
github.com/linuxdeepin/lastore-daemon/src/lastore-daemon/updater_ifc.go:270.74,272.16 2 0
github.com/linuxdeepin/lastore-daemon/src/lastore-daemon/updater_ifc.go:272.16,275.3 2 0
github.com/linuxdeepin/lastore-daemon/src/lastore-daemon/updater_ifc.go:276.2,277.16 2 0
github.com/linuxdeepin/lastore-daemon/src/lastore-daemon/updater_ifc.go:277.16,280.3 2 0
github.com/linuxdeepin/lastore-daemon/src/lastore-daemon/updater_ifc.go:281.2,283.16 3 0
github.com/linuxdeepin/lastore-daemon/src/lastore-daemon/updater_ifc.go:283.16,286.3 2 0
github.com/linuxdeepin/lastore-daemon/src/lastore-daemon/updater_ifc.go:287.2,287.12 1 0
github.com/linuxdeepin/lastore-daemon/src/lastore-daemon/updater_ifc.go:290.101,291.64 1 0
github.com/linuxdeepin/lastore-daemon/src/lastore-daemon/updater_ifc.go:291.64,293.3 1 0
github.com/linuxdeepin/lastore-daemon/src/lastore-daemon/updater_ifc.go:294.2,295.79 2 0
github.com/linuxdeepin/lastore-daemon/src/lastore-daemon/updater_ifc.go:295.79,297.3 1 0
github.com/linuxdeepin/lastore-daemon/src/lastore-daemon/updater_ifc.go:299.2,301.40 3 0
github.com/linuxdeepin/lastore-daemon/src/lastore-daemon/updater_ifc.go:301.40,303.17 2 0
github.com/linuxdeepin/lastore-daemon/src/lastore-daemon/updater_ifc.go:303.17,305.4 1 0
github.com/linuxdeepin/lastore-daemon/src/lastore-daemon/updater_ifc.go:306.3,307.89 2 0
github.com/linuxdeepin/lastore-daemon/src/lastore-daemon/updater_ifc.go:307.89,309.4 1 0
github.com/linuxdeepin/lastore-daemon/src/lastore-daemon/updater_ifc.go:310.3,314.4 1 0
github.com/linuxdeepin/lastore-daemon/src/lastore-daemon/updater_ifc.go:315.8,322.3 2 0
github.com/linuxdeepin/lastore-daemon/src/lastore-daemon/updater_ifc.go:325.2,325.70 1 0
github.com/linuxdeepin/lastore-daemon/src/lastore-daemon/updater_ifc.go:325.70,327.3 1 0
github.com/linuxdeepin/lastore-daemon/src/lastore-daemon/updater_ifc.go:329.2,329.70 1 0
github.com/linuxdeepin/lastore-daemon/src/lastore-daemon/updater_ifc.go:329.70,331.3 1 0
github.com/linuxdeepin/lastore-daemon/src/lastore-daemon/updater_ifc.go:333.2,334.16 2 0
github.com/linuxdeepin/lastore-daemon/src/lastore-daemon/updater_ifc.go:334.16,336.3 1 0
github.com/linuxdeepin/lastore-daemon/src/lastore-daemon/updater_ifc.go:337.2,337.91 1 0
github.com/linuxdeepin/lastore-daemon/src/lastore-daemon/updater_ifc.go:337.91,339.3 1 0
github.com/linuxdeepin/lastore-daemon/src/lastore-daemon/updater_ifc.go:341.2,341.12 1 0
github.com/linuxdeepin/lastore-daemon/src/lastore-daemon/updater_ifc.go:344.99,345.64 1 0
github.com/linuxdeepin/lastore-daemon/src/lastore-daemon/updater_ifc.go:345.64,347.3 1 0
github.com/linuxdeepin/lastore-daemon/src/lastore-daemon/updater_ifc.go:348.2,349.79 2 0
github.com/linuxdeepin/lastore-daemon/src/lastore-daemon/updater_ifc.go:349.79,351.3 1 0
github.com/linuxdeepin/lastore-daemon/src/lastore-daemon/updater_ifc.go:353.2,355.40 3 0
github.com/linuxdeepin/lastore-daemon/src/lastore-daemon/updater_ifc.go:355.40,357.17 2 0
github.com/linuxdeepin/lastore-daemon/src/lastore-daemon/updater_ifc.go:357.17,359.4 1 0
github.com/linuxdeepin/lastore-daemon/src/lastore-daemon/updater_ifc.go:360.3,361.89 2 0
github.com/linuxdeepin/lastore-daemon/src/lastore-daemon/updater_ifc.go:361.89,363.4 1 0
github.com/linuxdeepin/lastore-daemon/src/lastore-daemon/updater_ifc.go:364.3,368.4 1 0
github.com/linuxdeepin/lastore-daemon/src/lastore-daemon/updater_ifc.go:369.8,376.3 2 0
github.com/linuxdeepin/lastore-daemon/src/lastore-daemon/updater_ifc.go:379.2,379.68 1 0
github.com/linuxdeepin/lastore-daemon/src/lastore-daemon/updater_ifc.go:379.68,381.3 1 0
github.com/linuxdeepin/lastore-daemon/src/lastore-daemon/updater_ifc.go:383.2,383.68 1 0
github.com/linuxdeepin/lastore-daemon/src/lastore-daemon/updater_ifc.go:383.68,385.3 1 0
github.com/linuxdeepin/lastore-daemon/src/lastore-daemon/updater_ifc.go:386.2,387.16 2 0
github.com/linuxdeepin/lastore-daemon/src/lastore-daemon/updater_ifc.go:387.16,389.3 1 0
github.com/linuxdeepin/lastore-daemon/src/lastore-daemon/updater_ifc.go:390.2,390.89 1 0
github.com/linuxdeepin/lastore-daemon/src/lastore-daemon/updater_ifc.go:390.89,392.3 1 0
github.com/linuxdeepin/lastore-daemon/src/lastore-daemon/updater_ifc.go:394.2,394.12 1 0
